#
# There is insufficient memory for the Java Runtime Environment to continue.
# Native memory allocation (malloc) failed to allocate 1048576 bytes for AllocateHeap
# Possible reasons:
#   The system is out of physical RAM or swap space
#   In 32 bit mode, the process size limit was hit
# Possible solutions:
#   Reduce memory load on the system
#   Increase physical memory or swap space
#   Check if swap backing store is full
#   Use 64 bit Java on a 64 bit OS
#   Decrease Java heap size (-Xmx/-Xms)
#   Decrease number of Java threads
#   Decrease Java thread stack sizes (-Xss)
#   Set larger code cache with -XX:ReservedCodeCacheSize=
# This output file may be truncated or incomplete.
#
#  Out of Memory Error (memory/allocation.inline.hpp:61), pid=5012, tid=0x0000000000003514
#
# JRE version:  (8.0_131-b11) (build )
# Java VM: Java HotSpot(TM) 64-Bit Server VM (25.131-b11 mixed mode windows-amd64 compressed oops)
# Failed to write core dump. Minidumps are not enabled by default on client versions of Windows
#

---------------  T H R E A D  ---------------

Current thread (0x0000000003273800):  JavaThread "Unknown thread" [_thread_in_vm, id=13588, stack(0x0000000002c70000,0x0000000002d70000)]

Stack: [0x0000000002c70000,0x0000000002d70000]
[error occurred during error reporting (printing stack bounds), id 0xc0000005]

Native frames: (J=compiled Java code, j=interpreted, Vv=VM code, C=native code)


---------------  P R O C E S S  ---------------

Java Threads: ( => current thread )

Other Threads:

=>0x0000000003273800 (exited) JavaThread "Unknown thread" [_thread_in_vm, id=13588, stack(0x0000000002c70000,0x0000000002d70000)]

VM state:not at safepoint (normal execution)

VM Mutex/Monitor currently owned by a thread: None

Heap:
 PSYoungGen      total 36352K, used 624K [0x00000000d7780000, 0x00000000da000000, 0x0000000100000000)
  eden space 31232K, 2% used [0x00000000d7780000,0x00000000d781c298,0x00000000d9600000)
  from space 5120K, 0% used [0x00000000d9b00000,0x00000000d9b00000,0x00000000da000000)
  to   space 5120K, 0% used [0x00000000d9600000,0x00000000d9600000,0x00000000d9b00000)
 ParOldGen       total 83456K, used 0K [0x0000000086600000, 0x000000008b780000, 0x00000000d7780000)
  object space 83456K, 0% used [0x0000000086600000,0x0000000086600000,0x000000008b780000)
 Metaspace       used 770K, capacity 4480K, committed 4480K, reserved 1056768K
  class space    used 75K, capacity 384K, committed 384K, reserved 1048576K

Card table byte_map: [0x0000000012730000,0x0000000012b00000] byte_map_base: 0x00000000122fd000

Marking Bits: (ParMarkBitMap*) 0x00000000533ac720
 Begin Bits: [0x0000000013190000, 0x0000000014ff8000)
 End Bits:   [0x0000000014ff8000, 0x0000000016e60000)

Polling page: 0x0000000002c30000

CodeCache: size=245760Kb used=328Kb max_used=328Kb free=245431Kb
 bounds [0x0000000003370000, 0x00000000035e0000, 0x0000000012370000]
 total_blobs=58 nmethods=0 adapters=38
 compilation: enabled

Compilation events (0 events):
No events

GC Heap History (0 events):
No events

Deoptimization events (0 events):
No events

Internal exceptions (0 events):
No events

Events (10 events):
Event: 0.036 loading class java/lang/Short
Event: 0.036 loading class java/lang/Short done
Event: 0.036 loading class java/lang/Integer
Event: 0.037 loading class java/lang/Integer done
Event: 0.037 loading class java/lang/Long
Event: 0.037 loading class java/lang/Long done
Event: 0.037 loading class java/lang/NullPointerException
Event: 0.037 loading class java/lang/NullPointerException done
Event: 0.037 loading class java/lang/ArithmeticException
Event: 0.038 loading class java/lang/ArithmeticException done


Dynamic libraries:
0x00007ff701380000 - 0x00007ff7013b7000 	E:\jdk\jdk\bin\java.exe
0x00007ffb99ca0000 - 0x00007ffb99e81000 	C:\WINDOWS\SYSTEM32\ntdll.dll
0x00007ffb97e70000 - 0x00007ffb97f22000 	C:\WINDOWS\System32\KERNEL32.DLL
0x00007ffb96550000 - 0x00007ffb967c3000 	C:\WINDOWS\System32\KERNELBASE.dll
0x00007ffb97a80000 - 0x00007ffb97b21000 	C:\WINDOWS\System32\ADVAPI32.dll
0x00007ffb97b30000 - 0x00007ffb97bce000 	C:\WINDOWS\System32\msvcrt.dll
0x00007ffb972a0000 - 0x00007ffb972fb000 	C:\WINDOWS\System32\sechost.dll
0x00007ffb999a0000 - 0x00007ffb99ac4000 	C:\WINDOWS\System32\RPCRT4.dll
0x00007ffb978f0000 - 0x00007ffb97a80000 	C:\WINDOWS\System32\USER32.dll
0x00007ffb96260000 - 0x00007ffb96280000 	C:\WINDOWS\System32\win32u.dll
0x00007ffb97740000 - 0x00007ffb97768000 	C:\WINDOWS\System32\GDI32.dll
0x00007ffb96f90000 - 0x00007ffb97122000 	C:\WINDOWS\System32\gdi32full.dll
0x00007ffb964b0000 - 0x00007ffb9654f000 	C:\WINDOWS\System32\msvcp_win.dll
0x00007ffb96280000 - 0x00007ffb96378000 	C:\WINDOWS\System32\ucrtbase.dll
0x00007ffb87870000 - 0x00007ffb87ad9000 	C:\WINDOWS\WinSxS\amd64_microsoft.windows.common-controls_6595b64144ccf1df_6.0.17134.648_none_fb45a0e93062a6d2\COMCTL32.dll
0x00007ffb97300000 - 0x00007ffb97622000 	C:\WINDOWS\System32\combase.dll
0x00007ffb96380000 - 0x00007ffb963fa000 	C:\WINDOWS\System32\bcryptPrimitives.dll
0x00007ffb97f30000 - 0x00007ffb97f5d000 	C:\WINDOWS\System32\IMM32.DLL
0x0000000053430000 - 0x0000000053502000 	E:\jdk\jdk\jre\bin\msvcr100.dll
0x0000000052b90000 - 0x000000005342c000 	E:\jdk\jdk\jre\bin\server\jvm.dll
0x00007ffb97780000 - 0x00007ffb97788000 	C:\WINDOWS\System32\PSAPI.DLL
0x00007ffb83a30000 - 0x00007ffb83a39000 	C:\WINDOWS\SYSTEM32\WSOCK32.dll
0x00007ffb99920000 - 0x00007ffb9998c000 	C:\WINDOWS\System32\WS2_32.dll
0x00007ffb93670000 - 0x00007ffb93693000 	C:\WINDOWS\SYSTEM32\WINMM.dll
0x00007ffb87af0000 - 0x00007ffb87afa000 	C:\WINDOWS\SYSTEM32\VERSION.dll
0x00007ffb93220000 - 0x00007ffb9324a000 	C:\WINDOWS\SYSTEM32\WINMMBASE.dll
0x00007ffb96830000 - 0x00007ffb96879000 	C:\WINDOWS\System32\cfgmgr32.dll
0x0000000052b80000 - 0x0000000052b8f000 	E:\jdk\jdk\jre\bin\verify.dll
0x0000000052b50000 - 0x0000000052b79000 	E:\jdk\jdk\jre\bin\java.dll
0x0000000054460000 - 0x0000000054483000 	E:\jdk\jdk\jre\bin\instrument.dll
0x0000000052b30000 - 0x0000000052b46000 	E:\jdk\jdk\jre\bin\zip.dll

VM Arguments:
jvm_args: -javaagent:E:\IDEA\IntelliJ IDEA Community Edition 2017.3.4\lib\idea_rt.jar=63898:E:\IDEA\IntelliJ IDEA Community Edition 2017.3.4\bin -Dfile.encoding=UTF-8 
java_command: com.investment.app.AppApplication
java_class_path (initial): E:\jdk\jdk\jre\lib\charsets.jar;E:\jdk\jdk\jre\lib\deploy.jar;E:\jdk\jdk\jre\lib\ext\access-bridge-64.jar;E:\jdk\jdk\jre\lib\ext\cldrdata.jar;E:\jdk\jdk\jre\lib\ext\dnsns.jar;E:\jdk\jdk\jre\lib\ext\jaccess.jar;E:\jdk\jdk\jre\lib\ext\jfxrt.jar;E:\jdk\jdk\jre\lib\ext\localedata.jar;E:\jdk\jdk\jre\lib\ext\nashorn.jar;E:\jdk\jdk\jre\lib\ext\sunec.jar;E:\jdk\jdk\jre\lib\ext\sunjce_provider.jar;E:\jdk\jdk\jre\lib\ext\sunmscapi.jar;E:\jdk\jdk\jre\lib\ext\sunpkcs11.jar;E:\jdk\jdk\jre\lib\ext\zipfs.jar;E:\jdk\jdk\jre\lib\javaws.jar;E:\jdk\jdk\jre\lib\jce.jar;E:\jdk\jdk\jre\lib\jfr.jar;E:\jdk\jdk\jre\lib\jfxswt.jar;E:\jdk\jdk\jre\lib\jsse.jar;E:\jdk\jdk\jre\lib\management-agent.jar;E:\jdk\jdk\jre\lib\plugin.jar;E:\jdk\jdk\jre\lib\resources.jar;E:\jdk\jdk\jre\lib\rt.jar;F:\code\project1\investment_app\target\classes;C:\Users\dongyuan\.m2\repository\org\springframework\boot\spring-boot-starter-web\2.1.3.RELEASE\spring-boot-starter-web-2.1.3.RELEASE.jar;C:\Users\dongyuan\.m2\repository\org\springframework\boot\spring-boot-starter\2.1.3.RELEASE\spring-boot-starter-2.1.3.RELEASE.jar;C:\Users\dongyuan\.m2\repository\org\springframework\boot\spring-boot\2.1.3.RELEASE\spring-boot-2.1.3.RELEASE.jar;C:\Users\dongyuan\.m2\repository\org\springframework\boot\spring-boot-autoconfigure\2.1.3.RELEASE\spring-boot-autoconfigure-2.1.3.RELEASE.jar;C:\Users\dongyuan\.m2\repository\org\springframework\boot\spring-boot-starter-logging\2.1.3.RELEASE\spring-boot-starter-logging-2.1.3.RELEASE.jar;C:\Users\dongyuan\.m2\repository\ch\qos\logback\logback-classic\1.2.3\logback-classic-1.2.3.jar;C:\Users\dongyuan\.m2\repository\ch\qos\logback\logback-core\1.2.3\logback-core-1.2.3.jar;C:\Users\dongyuan\.m2\repository\org\apache\logging\log4j\log4j-to-slf4j\2.11.2\log4j-to-slf4j-2.11.2.jar;C:\Users\dongyuan\.m2\repository\org\apache\logging\log4j\log4j-api\2.11.2\log4j-api-2.11.2.jar;C:\Users\dongyuan\.m2\repository\org\slf4j\jul-to-slf4j\1.7.25\jul-to-slf4j-1.7.25.jar;C:\Users\
Launcher Type: SUN_STANDARD

Environment Variables:
JAVA_HOME=E:\jdk\jdk
PATH=C:\WINDOWS\system32;C:\WINDOWS;C:\WINDOWS\System32\Wbem;C:\WINDOWS\System32\WindowsPowerShell\v1.0\;E:\jdk\jdk\bin;E:\maven\apache-maven-3.5.2\bin;E:\GIT\Git\cmd;E:\mysql\mysql-5.7.21-winx64\bin;;C:\Program Files\OpenSSH\bin;E:\ssh\bin;C:\WINDOWS\System32\OpenSSH\;E:\arlong\erl10.2\bin;C:\Users\dongyuan\AppData\Local\Microsoft\WindowsApps;
USERNAME=dongyuan
OS=Windows_NT
PROCESSOR_IDENTIFIER=Intel64 Family 6 Model 142 Stepping 9, GenuineIntel



---------------  S Y S T E M  ---------------

OS: Windows 10.0 , 64 bit Build 17134 (10.0.17134.648)

CPU:total 4 (initial active 4) (2 cores per cpu, 2 threads per core) family 6 model 142 stepping 9, cmov, cx8, fxsr, mmx, sse, sse2, sse3, ssse3, sse4.1, sse4.2, popcnt, avx, avx2, clmul, erms, 3dnowpref, lzcnt, ht, tsc, tscinvbit, bmi1, bmi2, adx

Memory: 4k page, physical 7967064k(996432k free), swap 18452948k(5376k free)

vm_info: Java HotSpot(TM) 64-Bit Server VM (25.131-b11) for windows-amd64 JRE (1.8.0_131-b11), built on Mar 15 2017 01:23:53 by "java_re" with MS VC++ 10.0 (VS2010)

time: Fri Mar 22 14:40:52 2019
elapsed time: 0 seconds (0d 0h 0m 0s)

