#
# There is insufficient memory for the Java Runtime Environment to continue.
# Native memory allocation (malloc) failed to allocate 263296 bytes for Chunk::new
# Possible reasons:
#   The system is out of physical RAM or swap space
#   In 32 bit mode, the process size limit was hit
# Possible solutions:
#   Reduce memory load on the system
#   Increase physical memory or swap space
#   Check if swap backing store is full
#   Use 64 bit Java on a 64 bit OS
#   Decrease Java heap size (-Xmx/-Xms)
#   Decrease number of Java threads
#   Decrease Java thread stack sizes (-Xss)
#   Set larger code cache with -XX:ReservedCodeCacheSize=
# This output file may be truncated or incomplete.
#
#  Out of Memory Error (allocation.cpp:390), pid=18068, tid=0x0000000000003fe0
#
# JRE version: Java(TM) SE Runtime Environment (8.0_131-b11) (build 1.8.0_131-b11)
# Java VM: Java HotSpot(TM) 64-Bit Server VM (25.131-b11 mixed mode windows-amd64 compressed oops)
# Failed to write core dump. Minidumps are not enabled by default on client versions of Windows
#

---------------  T H R E A D  ---------------

Current thread (0x000000001901b800):  JavaThread "C2 CompilerThread0" daemon [_thread_in_native, id=16352, stack(0x00000000198f0000,0x00000000199f0000)]

Stack: [0x00000000198f0000,0x00000000199f0000]
[error occurred during error reporting (printing stack bounds), id 0xc0000005]

Native frames: (J=compiled Java code, j=interpreted, Vv=VM code, C=native code)


Current CompileTask:
C2:   6602 3500       4       com.sun.org.apache.xml.internal.dtm.ref.dom2dtm.DOM2DTM::nextNode (740 bytes)


---------------  P R O C E S S  ---------------

Java Threads: ( => current thread )
  0x000000001b174800 JavaThread "mysql-cj-abandoned-connection-cleanup" daemon [_thread_blocked, id=10808, stack(0x0000000022330000,0x0000000022430000)]
  0x0000000022b10800 JavaThread "container-0" [_thread_blocked, id=22440, stack(0x0000000022230000,0x0000000022330000)]
  0x000000001ef8c800 JavaThread "Catalina-utility-2" [_thread_blocked, id=24712, stack(0x0000000021110000,0x0000000021210000)]
  0x000000001b49b000 JavaThread "Catalina-utility-1" [_thread_blocked, id=18712, stack(0x0000000021010000,0x0000000021110000)]
  0x0000000019080000 JavaThread "Service Thread" daemon [_thread_blocked, id=9872, stack(0x0000000019bf0000,0x0000000019cf0000)]
  0x000000001907a800 JavaThread "C1 CompilerThread2" daemon [_thread_in_native, id=22516, stack(0x0000000019af0000,0x0000000019bf0000)]
  0x0000000019077800 JavaThread "C2 CompilerThread1" daemon [_thread_in_native, id=20424, stack(0x00000000199f0000,0x0000000019af0000)]
=>0x000000001901b800 JavaThread "C2 CompilerThread0" daemon [_thread_in_native, id=16352, stack(0x00000000198f0000,0x00000000199f0000)]
  0x000000001900f800 JavaThread "JDWP Command Reader" daemon [_thread_in_native, id=14400, stack(0x00000000197f0000,0x00000000198f0000)]
  0x0000000019009000 JavaThread "JDWP Event Helper Thread" daemon [_thread_blocked, id=15340, stack(0x00000000196f0000,0x00000000197f0000)]
  0x0000000019005800 JavaThread "JDWP Transport Listener: dt_socket" daemon [_thread_blocked, id=18396, stack(0x00000000195f0000,0x00000000196f0000)]
  0x0000000017cfd800 JavaThread "Attach Listener" daemon [_thread_blocked, id=17496, stack(0x00000000194f0000,0x00000000195f0000)]
  0x0000000018ff8800 JavaThread "Signal Dispatcher" daemon [_thread_blocked, id=23252, stack(0x00000000193f0000,0x00000000194f0000)]
  0x0000000017c89000 JavaThread "Finalizer" daemon [_thread_blocked, id=12520, stack(0x0000000018ef0000,0x0000000018ff0000)]
  0x0000000003434000 JavaThread "Reference Handler" daemon [_thread_blocked, id=23616, stack(0x0000000018df0000,0x0000000018ef0000)]
  0x0000000003343800 JavaThread "main" [_thread_in_vm, id=25504, stack(0x0000000003210000,0x0000000003310000)]

Other Threads:
  0x0000000017c66800 VMThread [stack: 0x0000000018cf0000,0x0000000018df0000] [id=22496]
  0x00000000190c8800 WatcherThread [stack: 0x0000000019cf0000,0x0000000019df0000] [id=13300]

VM state:not at safepoint (normal execution)

VM Mutex/Monitor currently owned by a thread: None

Heap:
 PSYoungGen      total 67584K, used 28998K [0x00000000d7780000, 0x00000000de300000, 0x0000000100000000)
  eden space 54784K, 52% used [0x00000000d7780000,0x00000000d93d1b70,0x00000000dad00000)
  from space 12800K, 0% used [0x00000000dad00000,0x00000000dad00000,0x00000000db980000)
  to   space 12288K, 0% used [0x00000000dd700000,0x00000000dd700000,0x00000000de300000)
 ParOldGen       total 96768K, used 19113K [0x0000000086600000, 0x000000008c480000, 0x00000000d7780000)
  object space 96768K, 19% used [0x0000000086600000,0x00000000878aa668,0x000000008c480000)
 Metaspace       used 35617K, capacity 37028K, committed 37080K, reserved 1081344K
  class space    used 4547K, capacity 4824K, committed 4824K, reserved 1048576K

Card table byte_map: [0x0000000012800000,0x0000000012bd0000] byte_map_base: 0x00000000123cd000

Marking Bits: (ParMarkBitMap*) 0x0000000052c6c720
 Begin Bits: [0x0000000013260000, 0x00000000150c8000)
 End Bits:   [0x00000000150c8000, 0x0000000016f30000)

Polling page: 0x0000000001100000

CodeCache: size=245760Kb used=12659Kb max_used=12659Kb free=233100Kb
 bounds [0x0000000003440000, 0x00000000040b0000, 0x0000000012440000]
 total_blobs=3941 nmethods=3511 adapters=350
 compilation: enabled

Compilation events (10 events):
Event: 6.598 Thread 0x000000001907a800 3534       1       com.sun.org.apache.xpath.internal.XPathContext::getVarStack (5 bytes)
Event: 6.598 Thread 0x000000001907a800 nmethod 3534 0x000000000409e250 code [0x000000000409e3a0, 0x000000000409e4b0]
Event: 6.598 Thread 0x000000001907a800 3535       1       com.sun.org.apache.xpath.internal.VariableStack::getStackFrame (5 bytes)
Event: 6.598 Thread 0x000000001907a800 nmethod 3535 0x000000000409e510 code [0x000000000409e660, 0x000000000409e770]
Event: 6.598 Thread 0x000000001907a800 3536       1       com.sun.org.apache.xml.internal.dtm.ref.dom2dtm.DOM2DTMdefaultNamespaceDeclarationNode::getLocalName (5 bytes)
Event: 6.598 Thread 0x000000001907a800 nmethod 3536 0x000000000409e7d0 code [0x000000000409e920, 0x000000000409ea30]
Event: 6.598 Thread 0x000000001907a800 3511       3       java.io.FilePermission$1::run (5 bytes)
Event: 6.598 Thread 0x000000001907a800 nmethod 3511 0x000000000409ea90 code [0x000000000409ec00, 0x000000000409eda8]
Event: 6.599 Thread 0x000000001907a800 3537       3       com.sun.org.apache.xpath.internal.axes.NodeSequence$IteratorCache::access$000 (5 bytes)
Event: 6.599 Thread 0x000000001907a800 nmethod 3537 0x000000000409ee50 code [0x000000000409efa0, 0x000000000409f0f0]

GC Heap History (10 events):
Event: 2.719 GC heap before
{Heap before GC invocations=5 (full 1):
 PSYoungGen      total 67584K, used 5090K [0x00000000d7780000, 0x00000000dbe80000, 0x0000000100000000)
  eden space 62464K, 0% used [0x00000000d7780000,0x00000000d7780000,0x00000000db480000)
  from space 5120K, 99% used [0x00000000db980000,0x00000000dbe78858,0x00000000dbe80000)
  to   space 5120K, 0% used [0x00000000db480000,0x00000000db480000,0x00000000db980000)
 ParOldGen       total 83456K, used 5476K [0x0000000086600000, 0x000000008b780000, 0x00000000d7780000)
  object space 83456K, 6% used [0x0000000086600000,0x0000000086b592c8,0x000000008b780000)
 Metaspace       used 20578K, capacity 21142K, committed 21248K, reserved 1067008K
  class space    used 2624K, capacity 2783K, committed 2816K, reserved 1048576K
Event: 2.775 GC heap after
Heap after GC invocations=5 (full 1):
 PSYoungGen      total 67584K, used 0K [0x00000000d7780000, 0x00000000dbe80000, 0x0000000100000000)
  eden space 62464K, 0% used [0x00000000d7780000,0x00000000d7780000,0x00000000db480000)
  from space 5120K, 0% used [0x00000000db980000,0x00000000db980000,0x00000000dbe80000)
  to   space 5120K, 0% used [0x00000000db480000,0x00000000db480000,0x00000000db980000)
 ParOldGen       total 57856K, used 6757K [0x0000000086600000, 0x0000000089e80000, 0x00000000d7780000)
  object space 57856K, 11% used [0x0000000086600000,0x0000000086c995e0,0x0000000089e80000)
 Metaspace       used 20578K, capacity 21142K, committed 21248K, reserved 1067008K
  class space    used 2624K, capacity 2783K, committed 2816K, reserved 1048576K
}
Event: 4.326 GC heap before
{Heap before GC invocations=6 (full 1):
 PSYoungGen      total 67584K, used 62464K [0x00000000d7780000, 0x00000000dbe80000, 0x0000000100000000)
  eden space 62464K, 100% used [0x00000000d7780000,0x00000000db480000,0x00000000db480000)
  from space 5120K, 0% used [0x00000000db980000,0x00000000db980000,0x00000000dbe80000)
  to   space 5120K, 0% used [0x00000000db480000,0x00000000db480000,0x00000000db980000)
 ParOldGen       total 57856K, used 6757K [0x0000000086600000, 0x0000000089e80000, 0x00000000d7780000)
  object space 57856K, 11% used [0x0000000086600000,0x0000000086c995e0,0x0000000089e80000)
 Metaspace       used 26478K, capacity 27292K, committed 27392K, reserved 1073152K
  class space    used 3356K, capacity 3556K, committed 3584K, reserved 1048576K
Event: 4.344 GC heap after
Heap after GC invocations=6 (full 1):
 PSYoungGen      total 67584K, used 5112K [0x00000000d7780000, 0x00000000dbe80000, 0x0000000100000000)
  eden space 62464K, 0% used [0x00000000d7780000,0x00000000d7780000,0x00000000db480000)
  from space 5120K, 99% used [0x00000000db480000,0x00000000db97e1e8,0x00000000db980000)
  to   space 5120K, 0% used [0x00000000db980000,0x00000000db980000,0x00000000dbe80000)
 ParOldGen       total 57856K, used 9358K [0x0000000086600000, 0x0000000089e80000, 0x00000000d7780000)
  object space 57856K, 16% used [0x0000000086600000,0x0000000086f23bb0,0x0000000089e80000)
 Metaspace       used 26478K, capacity 27292K, committed 27392K, reserved 1073152K
  class space    used 3356K, capacity 3556K, committed 3584K, reserved 1048576K
}
Event: 5.945 GC heap before
{Heap before GC invocations=7 (full 1):
 PSYoungGen      total 67584K, used 67576K [0x00000000d7780000, 0x00000000dbe80000, 0x0000000100000000)
  eden space 62464K, 100% used [0x00000000d7780000,0x00000000db480000,0x00000000db480000)
  from space 5120K, 99% used [0x00000000db480000,0x00000000db97e1e8,0x00000000db980000)
  to   space 5120K, 0% used [0x00000000db980000,0x00000000db980000,0x00000000dbe80000)
 ParOldGen       total 57856K, used 9358K [0x0000000086600000, 0x0000000089e80000, 0x00000000d7780000)
  object space 57856K, 16% used [0x0000000086600000,0x0000000086f23bb0,0x0000000089e80000)
 Metaspace       used 32554K, capacity 33902K, committed 34176K, reserved 1079296K
  class space    used 4152K, capacity 4413K, committed 4480K, reserved 1048576K
Event: 5.957 GC heap after
Heap after GC invocations=7 (full 1):
 PSYoungGen      total 59904K, used 5092K [0x00000000d7780000, 0x00000000de700000, 0x0000000100000000)
  eden space 54784K, 0% used [0x00000000d7780000,0x00000000d7780000,0x00000000dad00000)
  from space 5120K, 99% used [0x00000000db980000,0x00000000dbe79040,0x00000000dbe80000)
  to   space 12800K, 0% used [0x00000000dad00000,0x00000000dad00000,0x00000000db980000)
 ParOldGen       total 57856K, used 18288K [0x0000000086600000, 0x0000000089e80000, 0x00000000d7780000)
  object space 57856K, 31% used [0x0000000086600000,0x00000000877dc2a8,0x0000000089e80000)
 Metaspace       used 32554K, capacity 33902K, committed 34176K, reserved 1079296K
  class space    used 4152K, capacity 4413K, committed 4480K, reserved 1048576K
}
Event: 6.277 GC heap before
{Heap before GC invocations=8 (full 1):
 PSYoungGen      total 59904K, used 14633K [0x00000000d7780000, 0x00000000de700000, 0x0000000100000000)
  eden space 54784K, 17% used [0x00000000d7780000,0x00000000d80d14e8,0x00000000dad00000)
  from space 5120K, 99% used [0x00000000db980000,0x00000000dbe79040,0x00000000dbe80000)
  to   space 12800K, 0% used [0x00000000dad00000,0x00000000dad00000,0x00000000db980000)
 ParOldGen       total 57856K, used 18288K [0x0000000086600000, 0x0000000089e80000, 0x00000000d7780000)
  object space 57856K, 31% used [0x0000000086600000,0x00000000877dc2a8,0x0000000089e80000)
 Metaspace       used 33902K, capacity 35348K, committed 35416K, reserved 1079296K
  class space    used 4329K, capacity 4628K, committed 4696K, reserved 1048576K
Event: 6.297 GC heap after
Heap after GC invocations=8 (full 1):
 PSYoungGen      total 67584K, used 6268K [0x00000000d7780000, 0x00000000de300000, 0x0000000100000000)
  eden space 54784K, 0% used [0x00000000d7780000,0x00000000d7780000,0x00000000dad00000)
  from space 12800K, 48% used [0x00000000dad00000,0x00000000db31f018,0x00000000db980000)
  to   space 12288K, 0% used [0x00000000dd700000,0x00000000dd700000,0x00000000de300000)
 ParOldGen       total 57856K, used 18296K [0x0000000086600000, 0x0000000089e80000, 0x00000000d7780000)
  object space 57856K, 31% used [0x0000000086600000,0x00000000877de2a8,0x0000000089e80000)
 Metaspace       used 33902K, capacity 35348K, committed 35416K, reserved 1079296K
  class space    used 4329K, capacity 4628K, committed 4696K, reserved 1048576K
}
Event: 6.297 GC heap before
{Heap before GC invocations=9 (full 2):
 PSYoungGen      total 67584K, used 6268K [0x00000000d7780000, 0x00000000de300000, 0x0000000100000000)
  eden space 54784K, 0% used [0x00000000d7780000,0x00000000d7780000,0x00000000dad00000)
  from space 12800K, 48% used [0x00000000dad00000,0x00000000db31f018,0x00000000db980000)
  to   space 12288K, 0% used [0x00000000dd700000,0x00000000dd700000,0x00000000de300000)
 ParOldGen       total 57856K, used 18296K [0x0000000086600000, 0x0000000089e80000, 0x00000000d7780000)
  object space 57856K, 31% used [0x0000000086600000,0x00000000877de2a8,0x0000000089e80000)
 Metaspace       used 33902K, capacity 35348K, committed 35416K, reserved 1079296K
  class space    used 4329K, capacity 4628K, committed 4696K, reserved 1048576K
Event: 6.386 GC heap after
Heap after GC invocations=9 (full 2):
 PSYoungGen      total 67584K, used 0K [0x00000000d7780000, 0x00000000de300000, 0x0000000100000000)
  eden space 54784K, 0% used [0x00000000d7780000,0x00000000d7780000,0x00000000dad00000)
  from space 12800K, 0% used [0x00000000dad00000,0x00000000dad00000,0x00000000db980000)
  to   space 12288K, 0% used [0x00000000dd700000,0x00000000dd700000,0x00000000de300000)
 ParOldGen       total 96768K, used 19113K [0x0000000086600000, 0x000000008c480000, 0x00000000d7780000)
  object space 96768K, 19% used [0x0000000086600000,0x00000000878aa668,0x000000008c480000)
 Metaspace       used 33902K, capacity 35348K, committed 35416K, reserved 1079296K
  class space    used 4329K, capacity 4628K, committed 4696K, reserved 1048576K
}

Deoptimization events (10 events):
Event: 6.074 Thread 0x000000001b174800 Uncommon trap: reason=unstable_if action=reinterpret pc=0x0000000003791f90 method=java.util.zip.ZipCoder.getBytes(Ljava/lang/String;)[B @ 32
Event: 6.074 Thread 0x000000001b174800 Uncommon trap: reason=unstable_if action=reinterpret pc=0x000000000386a728 method=java.net.URL.<init>(Ljava/net/URL;Ljava/lang/String;Ljava/net/URLStreamHandler;)V @ 57
Event: 6.074 Thread 0x000000001b174800 Uncommon trap: reason=unstable_if action=reinterpret pc=0x0000000003f60338 method=java.net.URLStreamHandler.parseURL(Ljava/net/URL;Ljava/lang/String;II)V @ 57
Event: 6.076 Thread 0x0000000003343800 Uncommon trap: reason=unstable_if action=reinterpret pc=0x00000000036acd34 method=java.lang.AbstractStringBuilder.append(Ljava/lang/String;)Ljava/lang/AbstractStringBuilder; @ 1
Event: 6.091 Thread 0x0000000003343800 Uncommon trap: reason=unstable_if action=reinterpret pc=0x0000000003e60250 method=org.springframework.beans.factory.support.DefaultSingletonBeanRegistry.getSingleton(Ljava/lang/String;Z)Ljava/lang/Object; @ 47
Event: 6.096 Thread 0x0000000003343800 Uncommon trap: reason=unstable_if action=reinterpret pc=0x0000000003f729cc method=java.util.concurrent.ConcurrentHashMap.get(Ljava/lang/Object;)Ljava/lang/Object; @ 152
Event: 6.244 Thread 0x0000000003343800 Uncommon trap: reason=unstable_if action=reinterpret pc=0x0000000003693e74 method=java.lang.AbstractStringBuilder.append(Ljava/lang/String;)Ljava/lang/AbstractStringBuilder; @ 1
Event: 6.267 Thread 0x0000000003343800 Uncommon trap: reason=unstable_if action=reinterpret pc=0x0000000003ae6da8 method=com.sun.org.apache.xerces.internal.utils.XMLSecurityManager.isOverLimit(ILcom/sun/org/apache/xerces/internal/utils/XMLLimitAnalyzer;)Z @ 28
Event: 6.267 Thread 0x0000000003343800 Uncommon trap: reason=unstable_if action=reinterpret pc=0x0000000003ee6adc method=com.sun.org.apache.xerces.internal.impl.XMLEntityScanner.skipSpaces()Z @ 72
Event: 6.270 Thread 0x0000000003343800 Uncommon trap: reason=unstable_if action=reinterpret pc=0x0000000003b12fbc method=com.sun.org.apache.xerces.internal.util.SymbolTable.addSymbol([CII)Ljava/lang/String; @ 64

Internal exceptions (10 events):
Event: 6.081 Thread 0x0000000003343800 Exception <a 'java/lang/NullPointerException'> (0x00000000d78aee40) thrown at [C:\re\workspace\8-2-build-windows-amd64-cygwin\jdk8u131\8869\hotspot\src\share\vm\runtime\sharedRuntime.cpp, line 605]
Event: 6.081 Thread 0x0000000003343800 Implicit null exception at 0x0000000003f742dd to 0x0000000003f7484c
Event: 6.082 Thread 0x0000000003343800 Exception <a 'java/lang/NullPointerException'> (0x00000000d78afe48) thrown at [C:\re\workspace\8-2-build-windows-amd64-cygwin\jdk8u131\8869\hotspot\src\share\vm\runtime\sharedRuntime.cpp, line 605]
Event: 6.082 Thread 0x0000000003343800 Implicit null exception at 0x0000000003f742dd to 0x0000000003f7484c
Event: 6.082 Thread 0x0000000003343800 Exception <a 'java/lang/NullPointerException'> (0x00000000d78b0e08) thrown at [C:\re\workspace\8-2-build-windows-amd64-cygwin\jdk8u131\8869\hotspot\src\share\vm\runtime\sharedRuntime.cpp, line 605]
Event: 6.082 Thread 0x0000000003343800 Implicit null exception at 0x0000000003f742dd to 0x0000000003f7484c
Event: 6.082 Thread 0x0000000003343800 Exception <a 'java/lang/NullPointerException'> (0x00000000d78b1dc0) thrown at [C:\re\workspace\8-2-build-windows-amd64-cygwin\jdk8u131\8869\hotspot\src\share\vm\runtime\sharedRuntime.cpp, line 605]
Event: 6.082 Thread 0x0000000003343800 Implicit null exception at 0x0000000003f742dd to 0x0000000003f7484c
Event: 6.082 Thread 0x0000000003343800 Exception <a 'java/lang/NullPointerException'> (0x00000000d78b2d10) thrown at [C:\re\workspace\8-2-build-windows-amd64-cygwin\jdk8u131\8869\hotspot\src\share\vm\runtime\sharedRuntime.cpp, line 605]
Event: 6.244 Thread 0x0000000003343800 Implicit null exception at 0x0000000003693959 to 0x0000000003693e5d

Events (10 events):
Event: 6.522 Thread 0x0000000003343800 DEOPT PACKING pc=0x0000000003fde7dc sp=0x000000000330b210
Event: 6.522 Thread 0x0000000003343800 DEOPT UNPACKING pc=0x000000000348787f sp=0x000000000330af68 mode 1
Event: 6.544 Thread 0x0000000003343800 DEOPT PACKING pc=0x0000000003fde7dc sp=0x000000000330b210
Event: 6.544 Thread 0x0000000003343800 DEOPT UNPACKING pc=0x000000000348787f sp=0x000000000330af68 mode 1
Event: 6.566 Thread 0x0000000003343800 DEOPT PACKING pc=0x0000000003fde7dc sp=0x000000000330b210
Event: 6.566 Thread 0x0000000003343800 DEOPT UNPACKING pc=0x000000000348787f sp=0x000000000330af68 mode 1
Event: 6.589 Thread 0x0000000003343800 DEOPT PACKING pc=0x0000000004065273 sp=0x000000000330b1b0
Event: 6.589 Thread 0x0000000003343800 DEOPT UNPACKING pc=0x000000000348787f sp=0x000000000330aec8 mode 1
Event: 6.589 Thread 0x0000000003343800 DEOPT PACKING pc=0x0000000003fde7dc sp=0x000000000330b210
Event: 6.589 Thread 0x0000000003343800 DEOPT UNPACKING pc=0x000000000348787f sp=0x000000000330af68 mode 1


Dynamic libraries:
0x00007ff701380000 - 0x00007ff7013b7000 	E:\jdk\jdk\bin\java.exe
0x00007ffb99ca0000 - 0x00007ffb99e81000 	C:\WINDOWS\SYSTEM32\ntdll.dll
0x00007ffb97e70000 - 0x00007ffb97f22000 	C:\WINDOWS\System32\KERNEL32.DLL
0x00007ffb96550000 - 0x00007ffb967c3000 	C:\WINDOWS\System32\KERNELBASE.dll
0x00007ffb97a80000 - 0x00007ffb97b21000 	C:\WINDOWS\System32\ADVAPI32.dll
0x00007ffb97b30000 - 0x00007ffb97bce000 	C:\WINDOWS\System32\msvcrt.dll
0x00007ffb972a0000 - 0x00007ffb972fb000 	C:\WINDOWS\System32\sechost.dll
0x00007ffb999a0000 - 0x00007ffb99ac4000 	C:\WINDOWS\System32\RPCRT4.dll
0x00007ffb978f0000 - 0x00007ffb97a80000 	C:\WINDOWS\System32\USER32.dll
0x00007ffb96260000 - 0x00007ffb96280000 	C:\WINDOWS\System32\win32u.dll
0x00007ffb97740000 - 0x00007ffb97768000 	C:\WINDOWS\System32\GDI32.dll
0x00007ffb96f90000 - 0x00007ffb97122000 	C:\WINDOWS\System32\gdi32full.dll
0x00007ffb964b0000 - 0x00007ffb9654f000 	C:\WINDOWS\System32\msvcp_win.dll
0x00007ffb96280000 - 0x00007ffb96378000 	C:\WINDOWS\System32\ucrtbase.dll
0x00007ffb87870000 - 0x00007ffb87ad9000 	C:\WINDOWS\WinSxS\amd64_microsoft.windows.common-controls_6595b64144ccf1df_6.0.17134.648_none_fb45a0e93062a6d2\COMCTL32.dll
0x00007ffb97300000 - 0x00007ffb97622000 	C:\WINDOWS\System32\combase.dll
0x00007ffb96380000 - 0x00007ffb963fa000 	C:\WINDOWS\System32\bcryptPrimitives.dll
0x00007ffb97f30000 - 0x00007ffb97f5d000 	C:\WINDOWS\System32\IMM32.DLL
0x0000000053f90000 - 0x0000000054062000 	E:\jdk\jdk\jre\bin\msvcr100.dll
0x0000000052450000 - 0x0000000052cec000 	E:\jdk\jdk\jre\bin\server\jvm.dll
0x00007ffb97780000 - 0x00007ffb97788000 	C:\WINDOWS\System32\PSAPI.DLL
0x00007ffb83a30000 - 0x00007ffb83a39000 	C:\WINDOWS\SYSTEM32\WSOCK32.dll
0x00007ffb99920000 - 0x00007ffb9998c000 	C:\WINDOWS\System32\WS2_32.dll
0x00007ffb93670000 - 0x00007ffb93693000 	C:\WINDOWS\SYSTEM32\WINMM.dll
0x00007ffb87af0000 - 0x00007ffb87afa000 	C:\WINDOWS\SYSTEM32\VERSION.dll
0x00007ffb93220000 - 0x00007ffb9324a000 	C:\WINDOWS\SYSTEM32\WINMMBASE.dll
0x00007ffb96830000 - 0x00007ffb96879000 	C:\WINDOWS\System32\cfgmgr32.dll
0x0000000054480000 - 0x000000005448f000 	E:\jdk\jdk\jre\bin\verify.dll
0x0000000054450000 - 0x0000000054479000 	E:\jdk\jdk\jre\bin\java.dll
0x00000000543f0000 - 0x0000000054425000 	E:\jdk\jdk\jre\bin\jdwp.dll
0x00000000540c0000 - 0x00000000540c8000 	E:\jdk\jdk\jre\bin\npt.dll
0x0000000054430000 - 0x0000000054446000 	E:\jdk\jdk\jre\bin\zip.dll
0x00007ffb97f60000 - 0x00007ffb993a0000 	C:\WINDOWS\System32\SHELL32.dll
0x00007ffb97690000 - 0x00007ffb97739000 	C:\WINDOWS\System32\shcore.dll
0x00007ffb96880000 - 0x00007ffb96f8d000 	C:\WINDOWS\System32\windows.storage.dll
0x00007ffb97630000 - 0x00007ffb97681000 	C:\WINDOWS\System32\shlwapi.dll
0x00007ffb96030000 - 0x00007ffb96041000 	C:\WINDOWS\System32\kernel.appcore.dll
0x00007ffb96050000 - 0x00007ffb9606f000 	C:\WINDOWS\System32\profapi.dll
0x00007ffb95fb0000 - 0x00007ffb95ffc000 	C:\WINDOWS\System32\powrprof.dll
0x00007ffb96000000 - 0x00007ffb9600a000 	C:\WINDOWS\System32\FLTLIB.DLL
0x00000000540b0000 - 0x00000000540b9000 	E:\jdk\jdk\jre\bin\dt_socket.dll
0x00007ffb95830000 - 0x00007ffb95896000 	C:\WINDOWS\system32\mswsock.dll
0x00000000540a0000 - 0x00000000540ad000 	E:\jdk\jdk\jre\bin\management.dll
0x0000000053f40000 - 0x0000000053f5a000 	E:\jdk\jdk\jre\bin\net.dll
0x00007ffb86860000 - 0x00007ffb86876000 	C:\WINDOWS\system32\napinsp.dll
0x00007ffb86840000 - 0x00007ffb8685a000 	C:\WINDOWS\system32\pnrpnsp.dll
0x00007ffb91e50000 - 0x00007ffb91e69000 	C:\WINDOWS\system32\NLAapi.dll
0x00007ffb955f0000 - 0x00007ffb956ae000 	C:\WINDOWS\SYSTEM32\DNSAPI.dll
0x00007ffb99990000 - 0x00007ffb99998000 	C:\WINDOWS\System32\NSI.dll
0x00007ffb955b0000 - 0x00007ffb955e8000 	C:\WINDOWS\SYSTEM32\IPHLPAPI.DLL
0x00007ffb86830000 - 0x00007ffb8683e000 	C:\WINDOWS\System32\winrnr.dll
0x00007ffb90350000 - 0x00007ffb90365000 	C:\WINDOWS\System32\wshbth.dll
0x00007ffb89a90000 - 0x00007ffb89a9a000 	C:\Windows\System32\rasadhlp.dll
0x00007ffb8a560000 - 0x00007ffb8a5d2000 	C:\WINDOWS\System32\fwpuclnt.dll
0x00007ffb95b10000 - 0x00007ffb95b35000 	C:\WINDOWS\SYSTEM32\bcrypt.dll
0x0000000053f20000 - 0x0000000053f31000 	E:\jdk\jdk\jre\bin\nio.dll
0x00007ffb959e0000 - 0x00007ffb959f7000 	C:\WINDOWS\SYSTEM32\CRYPTSP.dll
0x00007ffb953b0000 - 0x00007ffb953e3000 	C:\WINDOWS\system32\rsaenh.dll
0x00007ffb95ee0000 - 0x00007ffb95f08000 	C:\WINDOWS\SYSTEM32\USERENV.dll
0x00007ffb95a00000 - 0x00007ffb95a0b000 	C:\WINDOWS\SYSTEM32\CRYPTBASE.dll
0x00007ffb8fa10000 - 0x00007ffb8fa26000 	C:\WINDOWS\SYSTEM32\dhcpcsvc6.DLL
0x00007ffb8fd10000 - 0x00007ffb8fd2a000 	C:\WINDOWS\SYSTEM32\dhcpcsvc.DLL

VM Arguments:
jvm_args: -agentlib:jdwp=transport=dt_socket,address=127.0.0.1:51222,suspend=y,server=n -Dfile.encoding=UTF-8 
java_command: com.investment.app.AppApplication
java_class_path (initial): E:\jdk\jdk\jre\lib\charsets.jar;E:\jdk\jdk\jre\lib\deploy.jar;E:\jdk\jdk\jre\lib\ext\access-bridge-64.jar;E:\jdk\jdk\jre\lib\ext\cldrdata.jar;E:\jdk\jdk\jre\lib\ext\dnsns.jar;E:\jdk\jdk\jre\lib\ext\jaccess.jar;E:\jdk\jdk\jre\lib\ext\jfxrt.jar;E:\jdk\jdk\jre\lib\ext\localedata.jar;E:\jdk\jdk\jre\lib\ext\nashorn.jar;E:\jdk\jdk\jre\lib\ext\sunec.jar;E:\jdk\jdk\jre\lib\ext\sunjce_provider.jar;E:\jdk\jdk\jre\lib\ext\sunmscapi.jar;E:\jdk\jdk\jre\lib\ext\sunpkcs11.jar;E:\jdk\jdk\jre\lib\ext\zipfs.jar;E:\jdk\jdk\jre\lib\javaws.jar;E:\jdk\jdk\jre\lib\jce.jar;E:\jdk\jdk\jre\lib\jfr.jar;E:\jdk\jdk\jre\lib\jfxswt.jar;E:\jdk\jdk\jre\lib\jsse.jar;E:\jdk\jdk\jre\lib\management-agent.jar;E:\jdk\jdk\jre\lib\plugin.jar;E:\jdk\jdk\jre\lib\resources.jar;E:\jdk\jdk\jre\lib\rt.jar;F:\code\project1\investment_app\target\classes;C:\Users\dongyuan\.m2\repository\org\springframework\boot\spring-boot-starter-web\2.1.3.RELEASE\spring-boot-starter-web-2.1.3.RELEASE.jar;C:\Users\dongyuan\.m2\repository\org\springframework\boot\spring-boot-starter\2.1.3.RELEASE\spring-boot-starter-2.1.3.RELEASE.jar;C:\Users\dongyuan\.m2\repository\org\springframework\boot\spring-boot\2.1.3.RELEASE\spring-boot-2.1.3.RELEASE.jar;C:\Users\dongyuan\.m2\repository\org\springframework\boot\spring-boot-autoconfigure\2.1.3.RELEASE\spring-boot-autoconfigure-2.1.3.RELEASE.jar;C:\Users\dongyuan\.m2\repository\org\springframework\boot\spring-boot-starter-logging\2.1.3.RELEASE\spring-boot-starter-logging-2.1.3.RELEASE.jar;C:\Users\dongyuan\.m2\repository\ch\qos\logback\logback-classic\1.2.3\logback-classic-1.2.3.jar;C:\Users\dongyuan\.m2\repository\ch\qos\logback\logback-core\1.2.3\logback-core-1.2.3.jar;C:\Users\dongyuan\.m2\repository\org\apache\logging\log4j\log4j-to-slf4j\2.11.2\log4j-to-slf4j-2.11.2.jar;C:\Users\dongyuan\.m2\repository\org\apache\logging\log4j\log4j-api\2.11.2\log4j-api-2.11.2.jar;C:\Users\dongyuan\.m2\repository\org\slf4j\jul-to-slf4j\1.7.25\jul-to-slf4j-1.7.25.jar;C:\Users\
Launcher Type: SUN_STANDARD

Environment Variables:
JAVA_HOME=E:\jdk\jdk
PATH=C:\WINDOWS\system32;C:\WINDOWS;C:\WINDOWS\System32\Wbem;C:\WINDOWS\System32\WindowsPowerShell\v1.0\;E:\jdk\jdk\bin;E:\maven\apache-maven-3.5.2\bin;E:\GIT\Git\cmd;E:\mysql\mysql-5.7.21-winx64\bin;;C:\Program Files\OpenSSH\bin;E:\ssh\bin;C:\WINDOWS\System32\OpenSSH\;E:\arlong\erl10.2\bin;C:\Users\dongyuan\AppData\Local\Microsoft\WindowsApps;
USERNAME=dongyuan
OS=Windows_NT
PROCESSOR_IDENTIFIER=Intel64 Family 6 Model 142 Stepping 9, GenuineIntel



---------------  S Y S T E M  ---------------

OS: Windows 10.0 , 64 bit Build 17134 (10.0.17134.648)

CPU:total 4 (initial active 4) (2 cores per cpu, 2 threads per core) family 6 model 142 stepping 9, cmov, cx8, fxsr, mmx, sse, sse2, sse3, ssse3, sse4.1, sse4.2, popcnt, avx, avx2, clmul, erms, 3dnowpref, lzcnt, ht, tsc, tscinvbit, bmi1, bmi2, adx

Memory: 4k page, physical 7967064k(670248k free), swap 18452948k(3192k free)

vm_info: Java HotSpot(TM) 64-Bit Server VM (25.131-b11) for windows-amd64 JRE (1.8.0_131-b11), built on Mar 15 2017 01:23:53 by "java_re" with MS VC++ 10.0 (VS2010)

time: Sat Mar 23 14:28:08 2019
elapsed time: 6 seconds (0d 0h 0m 6s)

