#
# There is insufficient memory for the Java Runtime Environment to continue.
# Native memory allocation (malloc) failed to allocate 32744 bytes for ChunkPool::allocate
# Possible reasons:
#   The system is out of physical RAM or swap space
#   In 32 bit mode, the process size limit was hit
# Possible solutions:
#   Reduce memory load on the system
#   Increase physical memory or swap space
#   Check if swap backing store is full
#   Use 64 bit Java on a 64 bit OS
#   Decrease Java heap size (-Xmx/-Xms)
#   Decrease number of Java threads
#   Decrease Java thread stack sizes (-Xss)
#   Set larger code cache with -XX:ReservedCodeCacheSize=
# This output file may be truncated or incomplete.
#
#  Out of Memory Error (allocation.cpp:273), pid=24420, tid=0x00000000000057c4
#
# JRE version: Java(TM) SE Runtime Environment (8.0_131-b11) (build 1.8.0_131-b11)
# Java VM: Java HotSpot(TM) 64-Bit Server VM (25.131-b11 mixed mode windows-amd64 compressed oops)
# Failed to write core dump. Minidumps are not enabled by default on client versions of Windows
#

---------------  T H R E A D  ---------------

Current thread (0x0000000002563800):  JavaThread "main" [_thread_in_vm, id=22468, stack(0x0000000002430000,0x0000000002530000)]

Stack: [0x0000000002430000,0x0000000002530000]
[error occurred during error reporting (printing stack bounds), id 0xc0000005]

Native frames: (J=compiled Java code, j=interpreted, Vv=VM code, C=native code)

Java frames: (J=compiled Java code, j=interpreted, Vv=VM code)
J 810  java.lang.ClassLoader.defineClass1(Ljava/lang/String;[BIILjava/security/ProtectionDomain;Ljava/lang/String;)Ljava/lang/Class; (0 bytes) @ 0x000000000298675f [0x00000000029866c0+0x9f]
J 804 C1 java.lang.ClassLoader.defineClass(Ljava/lang/String;[BIILjava/security/ProtectionDomain;)Ljava/lang/Class; (43 bytes) @ 0x00000000029927fc [0x0000000002992200+0x5fc]
J 657 C1 java.net.URLClassLoader.defineClass(Ljava/lang/String;Lsun/misc/Resource;)Ljava/lang/Class; (142 bytes) @ 0x00000000029284f4 [0x0000000002926960+0x1b94]
J 569 C1 java.net.URLClassLoader$1.run()Ljava/lang/Class; (63 bytes) @ 0x00000000028e73bc [0x00000000028e70e0+0x2dc]
J 504 C1 java.net.URLClassLoader$1.run()Ljava/lang/Object; (5 bytes) @ 0x00000000028b3f94 [0x00000000028b3f00+0x94]
v  ~StubRoutines::call_stub
J 173  java.security.AccessController.doPrivileged(Ljava/security/PrivilegedExceptionAction;Ljava/security/AccessControlContext;)Ljava/lang/Object; (0 bytes) @ 0x00000000027dae26 [0x00000000027dadc0+0x66]
J 1469 C2 java.lang.ClassLoader.loadClass(Ljava/lang/String;Z)Ljava/lang/Class; (122 bytes) @ 0x0000000002b606d8 [0x0000000002b5fcc0+0xa18]
J 284 C1 sun.misc.Launcher$AppClassLoader.loadClass(Ljava/lang/String;Z)Ljava/lang/Class; (85 bytes) @ 0x00000000028474b4 [0x0000000002846ae0+0x9d4]
J 282 C1 java.lang.ClassLoader.loadClass(Ljava/lang/String;)Ljava/lang/Class; (7 bytes) @ 0x000000000284801c [0x0000000002847f00+0x11c]
v  ~StubRoutines::call_stub
j  org.springframework.beans.factory.support.DefaultListableBeanFactory.resolveMultipleBeans(Lorg/springframework/beans/factory/config/DependencyDescriptor;Ljava/lang/String;Ljava/util/Set;Lorg/springframework/beans/TypeConverter;)Ljava/lang/Object;+7
j  org.springframework.beans.factory.support.DefaultListableBeanFactory.doResolveDependency(Lorg/springframework/beans/factory/config/DependencyDescriptor;Ljava/lang/String;Ljava/util/Set;Lorg/springframework/beans/TypeConverter;)Ljava/lang/Object;+207
j  org.springframework.beans.factory.support.DefaultListableBeanFactory.resolveDependency(Lorg/springframework/beans/factory/config/DependencyDescriptor;Ljava/lang/String;Ljava/util/Set;Lorg/springframework/beans/TypeConverter;)Ljava/lang/Object;+108
j  org.springframework.beans.factory.support.ConstructorResolver.resolveAutowiredArgument(Lorg/springframework/core/MethodParameter;Ljava/lang/String;Ljava/util/Set;Lorg/springframework/beans/TypeConverter;Z)Ljava/lang/Object;+79
j  org.springframework.beans.factory.support.ConstructorResolver.createArgumentArray(Ljava/lang/String;Lorg/springframework/beans/factory/support/RootBeanDefinition;Lorg/springframework/beans/factory/config/ConstructorArgumentValues;Lorg/springframework/beans/BeanWrapper;[Ljava/lang/Class;[Ljava/lang/String;Ljava/lang/reflect/Executable;ZZ)Lorg/springframework/beans/factory/support/ConstructorResolver$ArgumentsHolder;+434
j  org.springframework.beans.factory.support.ConstructorResolver.instantiateUsingFactoryMethod(Ljava/lang/String;Lorg/springframework/beans/factory/support/RootBeanDefinition;[Ljava/lang/Object;)Lorg/springframework/beans/BeanWrapper;+674
j  org.springframework.beans.factory.support.AbstractAutowireCapableBeanFactory.instantiateUsingFactoryMethod(Ljava/lang/String;Lorg/springframework/beans/factory/support/RootBeanDefinition;[Ljava/lang/Object;)Lorg/springframework/beans/BeanWrapper;+11
j  org.springframework.beans.factory.support.AbstractAutowireCapableBeanFactory.createBeanInstance(Ljava/lang/String;Lorg/springframework/beans/factory/support/RootBeanDefinition;[Ljava/lang/Object;)Lorg/springframework/beans/BeanWrapper;+101
j  org.springframework.beans.factory.support.AbstractAutowireCapableBeanFactory.doCreateBean(Ljava/lang/String;Lorg/springframework/beans/factory/support/RootBeanDefinition;[Ljava/lang/Object;)Ljava/lang/Object;+34
j  org.springframework.beans.factory.support.AbstractAutowireCapableBeanFactory.createBean(Ljava/lang/String;Lorg/springframework/beans/factory/support/RootBeanDefinition;[Ljava/lang/Object;)Ljava/lang/Object;+169
j  org.springframework.beans.factory.support.AbstractBeanFactory.lambda$doGetBean$0(Ljava/lang/String;Lorg/springframework/beans/factory/support/RootBeanDefinition;[Ljava/lang/Object;)Ljava/lang/Object;+4
j  org.springframework.beans.factory.support.AbstractBeanFactory$$Lambda$95.getObject()Ljava/lang/Object;+16
j  org.springframework.beans.factory.support.DefaultSingletonBeanRegistry.getSingleton(Ljava/lang/String;Lorg/springframework/beans/factory/ObjectFactory;)Ljava/lang/Object;+132
J 2273 C1 org.springframework.beans.factory.support.AbstractBeanFactory.doGetBean(Ljava/lang/String;Ljava/lang/Class;[Ljava/lang/Object;Z)Ljava/lang/Object; (833 bytes) @ 0x0000000002e83bdc [0x0000000002e81a40+0x219c]
j  org.springframework.beans.factory.support.AbstractBeanFactory.getBean(Ljava/lang/String;Ljava/lang/Class;)Ljava/lang/Object;+5
j  org.springframework.context.support.PostProcessorRegistrationDelegate.registerBeanPostProcessors(Lorg/springframework/beans/factory/config/ConfigurableListableBeanFactory;Lorg/springframework/context/support/AbstractApplicationContext;)V+257
j  org.springframework.context.support.AbstractApplicationContext.registerBeanPostProcessors(Lorg/springframework/beans/factory/config/ConfigurableListableBeanFactory;)V+2
j  org.springframework.context.support.AbstractApplicationContext.refresh()V+33
j  org.springframework.boot.web.servlet.context.ServletWebServerApplicationContext.refresh()V+1
j  org.springframework.boot.SpringApplication.refresh(Lorg/springframework/context/ApplicationContext;)V+10
j  org.springframework.boot.SpringApplication.refreshContext(Lorg/springframework/context/ConfigurableApplicationContext;)V+2
j  org.springframework.boot.SpringApplication.run([Ljava/lang/String;)Lorg/springframework/context/ConfigurableApplicationContext;+118
j  org.springframework.boot.SpringApplication.run([Ljava/lang/Class;[Ljava/lang/String;)Lorg/springframework/context/ConfigurableApplicationContext;+9
j  org.springframework.boot.SpringApplication.run(Ljava/lang/Class;[Ljava/lang/String;)Lorg/springframework/context/ConfigurableApplicationContext;+9
j  com.investment.app.AppApplication.main([Ljava/lang/String;)V+3
v  ~StubRoutines::call_stub

---------------  P R O C E S S  ---------------

Java Threads: ( => current thread )
  0x0000000018363800 JavaThread "Service Thread" daemon [_thread_blocked, id=8240, stack(0x0000000018ed0000,0x0000000018fd0000)]
  0x000000001835d800 JavaThread "C1 CompilerThread2" daemon [_thread_blocked, id=14532, stack(0x0000000018dd0000,0x0000000018ed0000)]
  0x0000000018303000 JavaThread "C2 CompilerThread1" daemon [_thread_in_native, id=6112, stack(0x0000000018cd0000,0x0000000018dd0000)]
  0x00000000182fb800 JavaThread "C2 CompilerThread0" daemon [_thread_in_native, id=19004, stack(0x0000000018bd0000,0x0000000018cd0000)]
  0x00000000182ef800 JavaThread "JDWP Command Reader" daemon [_thread_in_native, id=15328, stack(0x0000000018ad0000,0x0000000018bd0000)]
  0x00000000182ec000 JavaThread "JDWP Event Helper Thread" daemon [_thread_blocked, id=25320, stack(0x00000000189d0000,0x0000000018ad0000)]
  0x00000000182df800 JavaThread "JDWP Transport Listener: dt_socket" daemon [_thread_blocked, id=24784, stack(0x00000000188d0000,0x00000000189d0000)]
  0x0000000016f5d800 JavaThread "Attach Listener" daemon [_thread_blocked, id=17472, stack(0x00000000187d0000,0x00000000188d0000)]
  0x00000000182d8800 JavaThread "Signal Dispatcher" daemon [_thread_blocked, id=25528, stack(0x00000000186d0000,0x00000000187d0000)]
  0x0000000016ee9000 JavaThread "Finalizer" daemon [_thread_blocked, id=18948, stack(0x0000000018160000,0x0000000018260000)]
  0x0000000002654000 JavaThread "Reference Handler" daemon [_thread_blocked, id=15588, stack(0x0000000018060000,0x0000000018160000)]
=>0x0000000002563800 JavaThread "main" [_thread_in_vm, id=22468, stack(0x0000000002430000,0x0000000002530000)]

Other Threads:
  0x0000000016ec6800 VMThread [stack: 0x0000000017f60000,0x0000000018060000] [id=1756]
  0x000000001839d000 WatcherThread [stack: 0x0000000018fd0000,0x00000000190d0000] [id=25236]

VM state:not at safepoint (normal execution)

VM Mutex/Monitor currently owned by a thread: None

Heap:
 PSYoungGen      total 67584K, used 6830K [0x00000000d7780000, 0x00000000de800000, 0x0000000100000000)
  eden space 62464K, 2% used [0x00000000d7780000,0x00000000d792fb18,0x00000000db480000)
  from space 5120K, 99% used [0x00000000db480000,0x00000000db97be98,0x00000000db980000)
  to   space 9216K, 0% used [0x00000000ddf00000,0x00000000ddf00000,0x00000000de800000)
 ParOldGen       total 55296K, used 9383K [0x0000000086600000, 0x0000000089c00000, 0x00000000d7780000)
  object space 55296K, 16% used [0x0000000086600000,0x0000000086f29d40,0x0000000089c00000)
 Metaspace       used 26814K, capacity 27668K, committed 28032K, reserved 1073152K
  class space    used 3389K, capacity 3592K, committed 3712K, reserved 1048576K

Card table byte_map: [0x0000000011a30000,0x0000000011e00000] byte_map_base: 0x00000000115fd000

Marking Bits: (ParMarkBitMap*) 0x0000000052c6c720
 Begin Bits: [0x0000000012490000, 0x00000000142f8000)
 End Bits:   [0x00000000142f8000, 0x0000000016160000)

Polling page: 0x0000000002530000

CodeCache: size=245760Kb used=9337Kb max_used=9337Kb free=236422Kb
 bounds [0x0000000002670000, 0x0000000002fa0000, 0x0000000011670000]
 total_blobs=2971 nmethods=2581 adapters=310
 compilation: enabled

Compilation events (10 events):
Event: 4.618 Thread 0x000000001835d800 2590       3       org.springframework.beans.factory.support.AbstractBeanDefinition::setDependsOn (6 bytes)
Event: 4.618 Thread 0x000000001835d800 nmethod 2590 0x0000000002f90890 code [0x0000000002f909e0, 0x0000000002f90b50]
Event: 4.618 Thread 0x000000001835d800 2593       3       org.springframework.beans.factory.support.AbstractBeanDefinition::setFactoryBeanName (6 bytes)
Event: 4.618 Thread 0x000000001835d800 nmethod 2593 0x0000000002f90bd0 code [0x0000000002f90d20, 0x0000000002f90e90]
Event: 4.618 Thread 0x000000001835d800 2592       3       java.lang.reflect.Executable::getAnnotation (23 bytes)
Event: 4.619 Thread 0x000000001835d800 nmethod 2592 0x0000000002f90f10 code [0x0000000002f91100, 0x0000000002f918c8]
Event: 4.621 Thread 0x000000001835d800 2594       3       ch.qos.logback.classic.Logger::isDebugEnabled (6 bytes)
Event: 4.621 Thread 0x000000001835d800 nmethod 2594 0x0000000002f91c10 code [0x0000000002f91d80, 0x0000000002f91fa8]
Event: 4.630 Thread 0x000000001835d800 2595       3       java.lang.reflect.Proxy::<init> (15 bytes)
Event: 4.630 Thread 0x000000001835d800 nmethod 2595 0x0000000002f92050 code [0x0000000002f921e0, 0x0000000002f92508]

GC Heap History (10 events):
Event: 1.825 GC heap before
{Heap before GC invocations=2 (full 0):
 PSYoungGen      total 36352K, used 36332K [0x00000000d7780000, 0x00000000da000000, 0x0000000100000000)
  eden space 31232K, 100% used [0x00000000d7780000,0x00000000d9600000,0x00000000d9600000)
  from space 5120K, 99% used [0x00000000d9600000,0x00000000d9afb1f0,0x00000000d9b00000)
  to   space 5120K, 0% used [0x00000000d9b00000,0x00000000d9b00000,0x00000000da000000)
 ParOldGen       total 83456K, used 64K [0x0000000086600000, 0x000000008b780000, 0x00000000d7780000)
  object space 83456K, 0% used [0x0000000086600000,0x00000000866100a8,0x000000008b780000)
 Metaspace       used 13776K, capacity 14252K, committed 14592K, reserved 1062912K
  class space    used 1784K, capacity 1926K, committed 2048K, reserved 1048576K
Event: 1.832 GC heap after
Heap after GC invocations=2 (full 0):
 PSYoungGen      total 36352K, used 5098K [0x00000000d7780000, 0x00000000dbe80000, 0x0000000100000000)
  eden space 31232K, 0% used [0x00000000d7780000,0x00000000d7780000,0x00000000d9600000)
  from space 5120K, 99% used [0x00000000d9b00000,0x00000000d9ffaa98,0x00000000da000000)
  to   space 5120K, 0% used [0x00000000d9600000,0x00000000d9600000,0x00000000d9b00000)
 ParOldGen       total 83456K, used 858K [0x0000000086600000, 0x000000008b780000, 0x00000000d7780000)
  object space 83456K, 1% used [0x0000000086600000,0x00000000866d6a58,0x000000008b780000)
 Metaspace       used 13776K, capacity 14252K, committed 14592K, reserved 1062912K
  class space    used 1784K, capacity 1926K, committed 2048K, reserved 1048576K
}
Event: 2.806 GC heap before
{Heap before GC invocations=3 (full 0):
 PSYoungGen      total 36352K, used 36330K [0x00000000d7780000, 0x00000000dbe80000, 0x0000000100000000)
  eden space 31232K, 100% used [0x00000000d7780000,0x00000000d9600000,0x00000000d9600000)
  from space 5120K, 99% used [0x00000000d9b00000,0x00000000d9ffaa98,0x00000000da000000)
  to   space 5120K, 0% used [0x00000000d9600000,0x00000000d9600000,0x00000000d9b00000)
 ParOldGen       total 83456K, used 858K [0x0000000086600000, 0x000000008b780000, 0x00000000d7780000)
  object space 83456K, 1% used [0x0000000086600000,0x00000000866d6a58,0x000000008b780000)
 Metaspace       used 18500K, capacity 19002K, committed 19200K, reserved 1067008K
  class space    used 2336K, capacity 2457K, committed 2560K, reserved 1048576K
Event: 2.814 GC heap after
Heap after GC invocations=3 (full 0):
 PSYoungGen      total 36352K, used 5106K [0x00000000d7780000, 0x00000000dbe80000, 0x0000000100000000)
  eden space 31232K, 0% used [0x00000000d7780000,0x00000000d7780000,0x00000000d9600000)
  from space 5120K, 99% used [0x00000000d9600000,0x00000000d9afc970,0x00000000d9b00000)
  to   space 5120K, 0% used [0x00000000db980000,0x00000000db980000,0x00000000dbe80000)
 ParOldGen       total 83456K, used 3641K [0x0000000086600000, 0x000000008b780000, 0x00000000d7780000)
  object space 83456K, 4% used [0x0000000086600000,0x000000008698e7e0,0x000000008b780000)
 Metaspace       used 18500K, capacity 19002K, committed 19200K, reserved 1067008K
  class space    used 2336K, capacity 2457K, committed 2560K, reserved 1048576K
}
Event: 3.121 GC heap before
{Heap before GC invocations=4 (full 0):
 PSYoungGen      total 36352K, used 24140K [0x00000000d7780000, 0x00000000dbe80000, 0x0000000100000000)
  eden space 31232K, 60% used [0x00000000d7780000,0x00000000d8a16760,0x00000000d9600000)
  from space 5120K, 99% used [0x00000000d9600000,0x00000000d9afc970,0x00000000d9b00000)
  to   space 5120K, 0% used [0x00000000db980000,0x00000000db980000,0x00000000dbe80000)
 ParOldGen       total 83456K, used 3641K [0x0000000086600000, 0x000000008b780000, 0x00000000d7780000)
  object space 83456K, 4% used [0x0000000086600000,0x000000008698e7e0,0x000000008b780000)
 Metaspace       used 20585K, capacity 21102K, committed 21248K, reserved 1067008K
  class space    used 2619K, capacity 2787K, committed 2816K, reserved 1048576K
Event: 3.137 GC heap after
Heap after GC invocations=4 (full 0):
 PSYoungGen      total 67584K, used 5100K [0x00000000d7780000, 0x00000000dbe80000, 0x0000000100000000)
  eden space 62464K, 0% used [0x00000000d7780000,0x00000000d7780000,0x00000000db480000)
  from space 5120K, 99% used [0x00000000db980000,0x00000000dbe7b118,0x00000000dbe80000)
  to   space 5120K, 0% used [0x00000000db480000,0x00000000db480000,0x00000000db980000)
 ParOldGen       total 83456K, used 5621K [0x0000000086600000, 0x000000008b780000, 0x00000000d7780000)
  object space 83456K, 6% used [0x0000000086600000,0x0000000086b7d6f0,0x000000008b780000)
 Metaspace       used 20585K, capacity 21102K, committed 21248K, reserved 1067008K
  class space    used 2619K, capacity 2787K, committed 2816K, reserved 1048576K
}
Event: 3.137 GC heap before
{Heap before GC invocations=5 (full 1):
 PSYoungGen      total 67584K, used 5100K [0x00000000d7780000, 0x00000000dbe80000, 0x0000000100000000)
  eden space 62464K, 0% used [0x00000000d7780000,0x00000000d7780000,0x00000000db480000)
  from space 5120K, 99% used [0x00000000db980000,0x00000000dbe7b118,0x00000000dbe80000)
  to   space 5120K, 0% used [0x00000000db480000,0x00000000db480000,0x00000000db980000)
 ParOldGen       total 83456K, used 5621K [0x0000000086600000, 0x000000008b780000, 0x00000000d7780000)
  object space 83456K, 6% used [0x0000000086600000,0x0000000086b7d6f0,0x000000008b780000)
 Metaspace       used 20585K, capacity 21102K, committed 21248K, reserved 1067008K
  class space    used 2619K, capacity 2787K, committed 2816K, reserved 1048576K
Event: 3.185 GC heap after
Heap after GC invocations=5 (full 1):
 PSYoungGen      total 67584K, used 0K [0x00000000d7780000, 0x00000000dbe80000, 0x0000000100000000)
  eden space 62464K, 0% used [0x00000000d7780000,0x00000000d7780000,0x00000000db480000)
  from space 5120K, 0% used [0x00000000db980000,0x00000000db980000,0x00000000dbe80000)
  to   space 5120K, 0% used [0x00000000db480000,0x00000000db480000,0x00000000db980000)
 ParOldGen       total 55296K, used 6914K [0x0000000086600000, 0x0000000089c00000, 0x00000000d7780000)
  object space 55296K, 12% used [0x0000000086600000,0x0000000086cc0ba8,0x0000000089c00000)
 Metaspace       used 20584K, capacity 21096K, committed 21248K, reserved 1067008K
  class space    used 2619K, capacity 2786K, committed 2816K, reserved 1048576K
}
Event: 4.556 GC heap before
{Heap before GC invocations=6 (full 1):
 PSYoungGen      total 67584K, used 62464K [0x00000000d7780000, 0x00000000dbe80000, 0x0000000100000000)
  eden space 62464K, 100% used [0x00000000d7780000,0x00000000db480000,0x00000000db480000)
  from space 5120K, 0% used [0x00000000db980000,0x00000000db980000,0x00000000dbe80000)
  to   space 5120K, 0% used [0x00000000db480000,0x00000000db480000,0x00000000db980000)
 ParOldGen       total 55296K, used 6914K [0x0000000086600000, 0x0000000089c00000, 0x00000000d7780000)
  object space 55296K, 12% used [0x0000000086600000,0x0000000086cc0ba8,0x0000000089c00000)
 Metaspace       used 26631K, capacity 27424K, committed 27648K, reserved 1073152K
  class space    used 3370K, capacity 3556K, committed 3584K, reserved 1048576K
Event: 4.574 GC heap after
Heap after GC invocations=6 (full 1):
 PSYoungGen      total 67584K, used 5103K [0x00000000d7780000, 0x00000000de800000, 0x0000000100000000)
  eden space 62464K, 0% used [0x00000000d7780000,0x00000000d7780000,0x00000000db480000)
  from space 5120K, 99% used [0x00000000db480000,0x00000000db97be98,0x00000000db980000)
  to   space 9216K, 0% used [0x00000000ddf00000,0x00000000ddf00000,0x00000000de800000)
 ParOldGen       total 55296K, used 9383K [0x0000000086600000, 0x0000000089c00000, 0x00000000d7780000)
  object space 55296K, 16% used [0x0000000086600000,0x0000000086f29d40,0x0000000089c00000)
 Metaspace       used 26631K, capacity 27424K, committed 27648K, reserved 1073152K
  class space    used 3370K, capacity 3556K, committed 3584K, reserved 1048576K
}

Deoptimization events (10 events):
Event: 2.273 Thread 0x00000000196f3000 Uncommon trap: reason=unstable_if action=reinterpret pc=0x0000000002a44f8c method=java.util.jar.Manifest$FastInputStream.readLine([BII)I @ 87
Event: 3.214 Thread 0x00000000196f3000 Uncommon trap: reason=unstable_if action=reinterpret pc=0x0000000002a94d90 method=jdk.internal.org.objectweb.asm.Type.getArgumentsAndReturnSizes(Ljava/lang/String;)I @ 47
Event: 3.472 Thread 0x00000000196f3000 Uncommon trap: reason=unstable_if action=reinterpret pc=0x0000000002c67f60 method=com.sun.org.apache.xerces.internal.impl.XMLEntityScanner.scanLiteral(ILcom/sun/org/apache/xerces/internal/xni/XMLString;Z)I @ 570
Event: 3.488 Thread 0x00000000196f3000 Uncommon trap: reason=unstable_if action=reinterpret pc=0x0000000002c39adc method=com.sun.org.apache.xerces.internal.impl.XMLEntityScanner.checkBeforeLoad(Lcom/sun/xml/internal/stream/Entity$ScannedEntity;II)I @ 18
Event: 3.552 Thread 0x00000000196f3000 Uncommon trap: reason=unstable_if action=reinterpret pc=0x0000000002c96ec4 method=com.sun.org.apache.xerces.internal.impl.XMLEntityScanner.skipSpaces()Z @ 125
Event: 3.570 Thread 0x00000000196f3000 Uncommon trap: reason=unstable_if action=reinterpret pc=0x0000000002cc9478 method=com.sun.org.apache.xerces.internal.util.SymbolTable.addSymbol([CII)Ljava/lang/String; @ 38
Event: 3.604 Thread 0x00000000196f3000 Uncommon trap: reason=unstable_if action=reinterpret pc=0x0000000002d1eaf0 method=com.sun.org.apache.xerces.internal.util.SymbolTable.addSymbol([CII)Ljava/lang/String; @ 38
Event: 3.722 Thread 0x0000000002563800 Uncommon trap: reason=unstable_if action=reinterpret pc=0x00000000029f5724 method=org.springframework.boot.context.properties.source.ConfigurationPropertyName$ElementsParser.isValidChar(CI)Z @ 21
Event: 4.318 Thread 0x0000000002563800 Uncommon trap: reason=unstable_if action=reinterpret pc=0x0000000002a24e44 method=java.util.concurrent.ConcurrentHashMap.putVal(Ljava/lang/Object;Ljava/lang/Object;Z)Ljava/lang/Object; @ 206
Event: 4.400 Thread 0x0000000002563800 Uncommon trap: reason=unstable_if action=reinterpret pc=0x0000000002d9f760 method=java.util.LinkedList.node(I)Ljava/util/LinkedList$Node; @ 49

Internal exceptions (10 events):
Event: 2.646 Thread 0x0000000002563800 Exception <a 'java/lang/ClassNotFoundException': org/springframework/beans/factory/AwareCustomizer> (0x00000000d8eaa898) thrown at [C:\re\workspace\8-2-build-windows-amd64-cygwin\jdk8u131\8869\hotspot\src\share\vm\classfile\systemDictionary.cpp, line 210]
Event: 2.745 Thread 0x0000000002563800 Exception <a 'java/lang/NoSuchMethodError': java.lang.Object.lambda$comparing$77a9974f$1(Ljava/util/function/Function;Ljava/lang/Object;Ljava/lang/Object;)I> (0x00000000d929c1a0) thrown at [C:\re\workspace\8-2-build-windows-amd64-cygwin\jdk8u131\8869\hots
Event: 3.193 Thread 0x0000000002563800 Exception <a 'java/lang/IncompatibleClassChangeError': Found class java.lang.Object, but interface was expected> (0x00000000d77a3e38) thrown at [C:\re\workspace\8-2-build-windows-amd64-cygwin\jdk8u131\8869\hotspot\src\share\vm\interpreter\linkResolver.cpp
Event: 3.222 Thread 0x00000000196f3000 Exception <a 'java/lang/IncompatibleClassChangeError': Found class java.lang.Object, but interface was expected> (0x00000000d79a9770) thrown at [C:\re\workspace\8-2-build-windows-amd64-cygwin\jdk8u131\8869\hotspot\src\share\vm\interpreter\linkResolver.cpp
Event: 3.805 Thread 0x0000000002563800 Exception <a 'java/lang/NoSuchMethodError': org.slf4j.impl.StaticMarkerBinder.getSingleton()Lorg/slf4j/impl/StaticMarkerBinder;> (0x00000000d96886a0) thrown at [C:\re\workspace\8-2-build-windows-amd64-cygwin\jdk8u131\8869\hotspot\src\share\vm\interpreter\
Event: 3.837 Thread 0x0000000002563800 Exception <a 'java/lang/NullPointerException'> (0x00000000d976ed30) thrown at [C:\re\workspace\8-2-build-windows-amd64-cygwin\jdk8u131\8869\hotspot\src\share\vm\interpreter\linkResolver.cpp, line 1197]
Event: 3.837 Thread 0x0000000002563800 Exception <a 'java/lang/NullPointerException'> (0x00000000d976f9b8) thrown at [C:\re\workspace\8-2-build-windows-amd64-cygwin\jdk8u131\8869\hotspot\src\share\vm\interpreter\linkResolver.cpp, line 1197]
Event: 3.837 Thread 0x0000000002563800 Exception <a 'java/lang/NullPointerException'> (0x00000000d97705d0) thrown at [C:\re\workspace\8-2-build-windows-amd64-cygwin\jdk8u131\8869\hotspot\src\share\vm\interpreter\linkResolver.cpp, line 1197]
Event: 3.838 Thread 0x0000000002563800 Exception <a 'java/lang/NullPointerException'> (0x00000000d97711d0) thrown at [C:\re\workspace\8-2-build-windows-amd64-cygwin\jdk8u131\8869\hotspot\src\share\vm\interpreter\linkResolver.cpp, line 1197]
Event: 3.838 Thread 0x0000000002563800 Exception <a 'java/lang/NullPointerException'> (0x00000000d9771de8) thrown at [C:\re\workspace\8-2-build-windows-amd64-cygwin\jdk8u131\8869\hotspot\src\share\vm\interpreter\linkResolver.cpp, line 1197]

Events (10 events):
Event: 4.625 loading class org/springframework/beans/factory/support/AutowireUtils
Event: 4.625 loading class org/springframework/beans/factory/support/AutowireUtils done
Event: 4.628 loading class org/springframework/beans/factory/support/ConstructorResolver$ArgumentsHolder
Event: 4.628 loading class org/springframework/beans/factory/support/ConstructorResolver$ArgumentsHolder done
Event: 4.629 loading class org/springframework/beans/factory/config/DependencyDescriptor$1
Event: 4.629 loading class org/springframework/beans/factory/config/DependencyDescriptor$1 done
Event: 4.630 loading class org/springframework/core/annotation/AnnotatedElementUtils$1
Event: 4.630 loading class org/springframework/core/annotation/AnnotatedElementUtils$1 done
Event: 4.632 loading class org/springframework/beans/factory/support/DefaultListableBeanFactory$StreamDependencyDescriptor
Event: 4.632 loading class org/springframework/beans/factory/support/DefaultListableBeanFactory$StreamDependencyDescriptor done


Dynamic libraries:
0x00007ff701380000 - 0x00007ff7013b7000 	E:\jdk\jdk\bin\java.exe
0x00007ffb99ca0000 - 0x00007ffb99e81000 	C:\WINDOWS\SYSTEM32\ntdll.dll
0x00007ffb97e70000 - 0x00007ffb97f22000 	C:\WINDOWS\System32\KERNEL32.DLL
0x00007ffb96550000 - 0x00007ffb967c3000 	C:\WINDOWS\System32\KERNELBASE.dll
0x00007ffb97a80000 - 0x00007ffb97b21000 	C:\WINDOWS\System32\ADVAPI32.dll
0x00007ffb97b30000 - 0x00007ffb97bce000 	C:\WINDOWS\System32\msvcrt.dll
0x00007ffb972a0000 - 0x00007ffb972fb000 	C:\WINDOWS\System32\sechost.dll
0x00007ffb999a0000 - 0x00007ffb99ac4000 	C:\WINDOWS\System32\RPCRT4.dll
0x00007ffb978f0000 - 0x00007ffb97a80000 	C:\WINDOWS\System32\USER32.dll
0x00007ffb96260000 - 0x00007ffb96280000 	C:\WINDOWS\System32\win32u.dll
0x00007ffb97740000 - 0x00007ffb97768000 	C:\WINDOWS\System32\GDI32.dll
0x00007ffb96f90000 - 0x00007ffb97122000 	C:\WINDOWS\System32\gdi32full.dll
0x00007ffb964b0000 - 0x00007ffb9654f000 	C:\WINDOWS\System32\msvcp_win.dll
0x00007ffb96280000 - 0x00007ffb96378000 	C:\WINDOWS\System32\ucrtbase.dll
0x00007ffb87870000 - 0x00007ffb87ad9000 	C:\WINDOWS\WinSxS\amd64_microsoft.windows.common-controls_6595b64144ccf1df_6.0.17134.648_none_fb45a0e93062a6d2\COMCTL32.dll
0x00007ffb97300000 - 0x00007ffb97622000 	C:\WINDOWS\System32\combase.dll
0x00007ffb96380000 - 0x00007ffb963fa000 	C:\WINDOWS\System32\bcryptPrimitives.dll
0x00007ffb97f30000 - 0x00007ffb97f5d000 	C:\WINDOWS\System32\IMM32.DLL
0x0000000053f90000 - 0x0000000054062000 	E:\jdk\jdk\jre\bin\msvcr100.dll
0x0000000052450000 - 0x0000000052cec000 	E:\jdk\jdk\jre\bin\server\jvm.dll
0x00007ffb97780000 - 0x00007ffb97788000 	C:\WINDOWS\System32\PSAPI.DLL
0x00007ffb83a30000 - 0x00007ffb83a39000 	C:\WINDOWS\SYSTEM32\WSOCK32.dll
0x00007ffb99920000 - 0x00007ffb9998c000 	C:\WINDOWS\System32\WS2_32.dll
0x00007ffb93670000 - 0x00007ffb93693000 	C:\WINDOWS\SYSTEM32\WINMM.dll
0x00007ffb87af0000 - 0x00007ffb87afa000 	C:\WINDOWS\SYSTEM32\VERSION.dll
0x00007ffb93220000 - 0x00007ffb9324a000 	C:\WINDOWS\SYSTEM32\WINMMBASE.dll
0x00007ffb96830000 - 0x00007ffb96879000 	C:\WINDOWS\System32\cfgmgr32.dll
0x0000000054480000 - 0x000000005448f000 	E:\jdk\jdk\jre\bin\verify.dll
0x0000000054450000 - 0x0000000054479000 	E:\jdk\jdk\jre\bin\java.dll
0x00000000543f0000 - 0x0000000054425000 	E:\jdk\jdk\jre\bin\jdwp.dll
0x00000000540c0000 - 0x00000000540c8000 	E:\jdk\jdk\jre\bin\npt.dll
0x0000000054430000 - 0x0000000054446000 	E:\jdk\jdk\jre\bin\zip.dll
0x00007ffb97f60000 - 0x00007ffb993a0000 	C:\WINDOWS\System32\SHELL32.dll
0x00007ffb97690000 - 0x00007ffb97739000 	C:\WINDOWS\System32\shcore.dll
0x00007ffb96880000 - 0x00007ffb96f8d000 	C:\WINDOWS\System32\windows.storage.dll
0x00007ffb97630000 - 0x00007ffb97681000 	C:\WINDOWS\System32\shlwapi.dll
0x00007ffb96030000 - 0x00007ffb96041000 	C:\WINDOWS\System32\kernel.appcore.dll
0x00007ffb96050000 - 0x00007ffb9606f000 	C:\WINDOWS\System32\profapi.dll
0x00007ffb95fb0000 - 0x00007ffb95ffc000 	C:\WINDOWS\System32\powrprof.dll
0x00007ffb96000000 - 0x00007ffb9600a000 	C:\WINDOWS\System32\FLTLIB.DLL
0x00000000540b0000 - 0x00000000540b9000 	E:\jdk\jdk\jre\bin\dt_socket.dll
0x00007ffb95830000 - 0x00007ffb95896000 	C:\WINDOWS\system32\mswsock.dll
0x00000000540a0000 - 0x00000000540ad000 	E:\jdk\jdk\jre\bin\management.dll
0x0000000053f40000 - 0x0000000053f5a000 	E:\jdk\jdk\jre\bin\net.dll
0x00007ffb86860000 - 0x00007ffb86876000 	C:\WINDOWS\system32\napinsp.dll
0x00007ffb86840000 - 0x00007ffb8685a000 	C:\WINDOWS\system32\pnrpnsp.dll
0x00007ffb91e50000 - 0x00007ffb91e69000 	C:\WINDOWS\system32\NLAapi.dll
0x00007ffb955f0000 - 0x00007ffb956ae000 	C:\WINDOWS\SYSTEM32\DNSAPI.dll
0x00007ffb99990000 - 0x00007ffb99998000 	C:\WINDOWS\System32\NSI.dll
0x00007ffb955b0000 - 0x00007ffb955e8000 	C:\WINDOWS\SYSTEM32\IPHLPAPI.DLL
0x00007ffb86830000 - 0x00007ffb8683e000 	C:\WINDOWS\System32\winrnr.dll
0x00007ffb90350000 - 0x00007ffb90365000 	C:\WINDOWS\System32\wshbth.dll
0x00007ffb89a90000 - 0x00007ffb89a9a000 	C:\Windows\System32\rasadhlp.dll
0x00007ffb8a560000 - 0x00007ffb8a5d2000 	C:\WINDOWS\System32\fwpuclnt.dll
0x00007ffb95b10000 - 0x00007ffb95b35000 	C:\WINDOWS\SYSTEM32\bcrypt.dll
0x0000000053f20000 - 0x0000000053f31000 	E:\jdk\jdk\jre\bin\nio.dll

VM Arguments:
jvm_args: -agentlib:jdwp=transport=dt_socket,address=127.0.0.1:51293,suspend=y,server=n -Dfile.encoding=UTF-8 
java_command: com.investment.app.AppApplication
java_class_path (initial): E:\jdk\jdk\jre\lib\charsets.jar;E:\jdk\jdk\jre\lib\deploy.jar;E:\jdk\jdk\jre\lib\ext\access-bridge-64.jar;E:\jdk\jdk\jre\lib\ext\cldrdata.jar;E:\jdk\jdk\jre\lib\ext\dnsns.jar;E:\jdk\jdk\jre\lib\ext\jaccess.jar;E:\jdk\jdk\jre\lib\ext\jfxrt.jar;E:\jdk\jdk\jre\lib\ext\localedata.jar;E:\jdk\jdk\jre\lib\ext\nashorn.jar;E:\jdk\jdk\jre\lib\ext\sunec.jar;E:\jdk\jdk\jre\lib\ext\sunjce_provider.jar;E:\jdk\jdk\jre\lib\ext\sunmscapi.jar;E:\jdk\jdk\jre\lib\ext\sunpkcs11.jar;E:\jdk\jdk\jre\lib\ext\zipfs.jar;E:\jdk\jdk\jre\lib\javaws.jar;E:\jdk\jdk\jre\lib\jce.jar;E:\jdk\jdk\jre\lib\jfr.jar;E:\jdk\jdk\jre\lib\jfxswt.jar;E:\jdk\jdk\jre\lib\jsse.jar;E:\jdk\jdk\jre\lib\management-agent.jar;E:\jdk\jdk\jre\lib\plugin.jar;E:\jdk\jdk\jre\lib\resources.jar;E:\jdk\jdk\jre\lib\rt.jar;F:\code\project1\investment_app\target\classes;C:\Users\dongyuan\.m2\repository\org\springframework\boot\spring-boot-starter-web\2.1.3.RELEASE\spring-boot-starter-web-2.1.3.RELEASE.jar;C:\Users\dongyuan\.m2\repository\org\springframework\boot\spring-boot-starter\2.1.3.RELEASE\spring-boot-starter-2.1.3.RELEASE.jar;C:\Users\dongyuan\.m2\repository\org\springframework\boot\spring-boot\2.1.3.RELEASE\spring-boot-2.1.3.RELEASE.jar;C:\Users\dongyuan\.m2\repository\org\springframework\boot\spring-boot-autoconfigure\2.1.3.RELEASE\spring-boot-autoconfigure-2.1.3.RELEASE.jar;C:\Users\dongyuan\.m2\repository\org\springframework\boot\spring-boot-starter-logging\2.1.3.RELEASE\spring-boot-starter-logging-2.1.3.RELEASE.jar;C:\Users\dongyuan\.m2\repository\ch\qos\logback\logback-classic\1.2.3\logback-classic-1.2.3.jar;C:\Users\dongyuan\.m2\repository\ch\qos\logback\logback-core\1.2.3\logback-core-1.2.3.jar;C:\Users\dongyuan\.m2\repository\org\apache\logging\log4j\log4j-to-slf4j\2.11.2\log4j-to-slf4j-2.11.2.jar;C:\Users\dongyuan\.m2\repository\org\apache\logging\log4j\log4j-api\2.11.2\log4j-api-2.11.2.jar;C:\Users\dongyuan\.m2\repository\org\slf4j\jul-to-slf4j\1.7.25\jul-to-slf4j-1.7.25.jar;C:\Users\
Launcher Type: SUN_STANDARD

Environment Variables:
JAVA_HOME=E:\jdk\jdk
PATH=C:\WINDOWS\system32;C:\WINDOWS;C:\WINDOWS\System32\Wbem;C:\WINDOWS\System32\WindowsPowerShell\v1.0\;E:\jdk\jdk\bin;E:\maven\apache-maven-3.5.2\bin;E:\GIT\Git\cmd;E:\mysql\mysql-5.7.21-winx64\bin;;C:\Program Files\OpenSSH\bin;E:\ssh\bin;C:\WINDOWS\System32\OpenSSH\;E:\arlong\erl10.2\bin;C:\Users\dongyuan\AppData\Local\Microsoft\WindowsApps;
USERNAME=dongyuan
OS=Windows_NT
PROCESSOR_IDENTIFIER=Intel64 Family 6 Model 142 Stepping 9, GenuineIntel



---------------  S Y S T E M  ---------------

OS: Windows 10.0 , 64 bit Build 17134 (10.0.17134.648)

CPU:total 4 (initial active 4) (2 cores per cpu, 2 threads per core) family 6 model 142 stepping 9, cmov, cx8, fxsr, mmx, sse, sse2, sse3, ssse3, sse4.1, sse4.2, popcnt, avx, avx2, clmul, erms, 3dnowpref, lzcnt, ht, tsc, tscinvbit, bmi1, bmi2, adx

Memory: 4k page, physical 7967064k(685732k free), swap 18452948k(4100k free)

vm_info: Java HotSpot(TM) 64-Bit Server VM (25.131-b11) for windows-amd64 JRE (1.8.0_131-b11), built on Mar 15 2017 01:23:53 by "java_re" with MS VC++ 10.0 (VS2010)

time: Sat Mar 23 14:29:01 2019
elapsed time: 4 seconds (0d 0h 0m 4s)

