#
# There is insufficient memory for the Java Runtime Environment to continue.
# Native memory allocation (malloc) failed to allocate 3890576 bytes for Chunk::new
# Possible reasons:
#   The system is out of physical RAM or swap space
#   In 32 bit mode, the process size limit was hit
# Possible solutions:
#   Reduce memory load on the system
#   Increase physical memory or swap space
#   Check if swap backing store is full
#   Use 64 bit Java on a 64 bit OS
#   Decrease Java heap size (-Xmx/-Xms)
#   Decrease number of Java threads
#   Decrease Java thread stack sizes (-Xss)
#   Set larger code cache with -XX:ReservedCodeCacheSize=
# This output file may be truncated or incomplete.
#
#  Out of Memory Error (allocation.cpp:390), pid=17040, tid=0x0000000000001e08
#
# JRE version: Java(TM) SE Runtime Environment (8.0_131-b11) (build 1.8.0_131-b11)
# Java VM: Java HotSpot(TM) 64-Bit Server VM (25.131-b11 mixed mode windows-amd64 compressed oops)
# Failed to write core dump. Minidumps are not enabled by default on client versions of Windows
#

---------------  T H R E A D  ---------------

Current thread (0x0000000018853800):  JavaThread "C2 CompilerThread1" daemon [_thread_in_native, id=7688, stack(0x0000000019220000,0x0000000019320000)]

Stack: [0x0000000019220000,0x0000000019320000]
[error occurred during error reporting (printing stack bounds), id 0xc0000005]

Native frames: (J=compiled Java code, j=interpreted, Vv=VM code, C=native code)


Current CompileTask:
C2:   6860 3190   !   4       org.springframework.core.annotation.AnnotatedElementUtils::searchWithFindSemantics (774 bytes)


---------------  P R O C E S S  ---------------

Java Threads: ( => current thread )
  0x000000001a366000 JavaThread "mysql-cj-abandoned-connection-cleanup" daemon [_thread_blocked, id=15908, stack(0x0000000020aa0000,0x0000000020ba0000)]
  0x000000001a365000 JavaThread "container-0" [_thread_blocked, id=22552, stack(0x000000001f640000,0x000000001f740000)]
  0x000000001a363800 JavaThread "Catalina-utility-2" [_thread_blocked, id=21616, stack(0x000000001f540000,0x000000001f640000)]
  0x000000001a366800 JavaThread "Catalina-utility-1" [_thread_blocked, id=12596, stack(0x000000001f210000,0x000000001f310000)]
  0x00000000188b0800 JavaThread "Service Thread" daemon [_thread_blocked, id=16076, stack(0x0000000019420000,0x0000000019520000)]
  0x000000001888e800 JavaThread "C1 CompilerThread2" daemon [_thread_blocked, id=24516, stack(0x0000000019320000,0x0000000019420000)]
=>0x0000000018853800 JavaThread "C2 CompilerThread1" daemon [_thread_in_native, id=7688, stack(0x0000000019220000,0x0000000019320000)]
  0x000000001884b800 JavaThread "C2 CompilerThread0" daemon [_thread_in_native, id=21796, stack(0x0000000019120000,0x0000000019220000)]
  0x000000001883f800 JavaThread "JDWP Command Reader" daemon [_thread_in_native, id=13108, stack(0x0000000019020000,0x0000000019120000)]
  0x000000001883c000 JavaThread "JDWP Event Helper Thread" daemon [_thread_blocked, id=15148, stack(0x0000000018f20000,0x0000000019020000)]
  0x000000001752c800 JavaThread "JDWP Transport Listener: dt_socket" daemon [_thread_blocked, id=20700, stack(0x0000000018e20000,0x0000000018f20000)]
  0x0000000017527800 JavaThread "Attach Listener" daemon [_thread_blocked, id=5960, stack(0x0000000018d20000,0x0000000018e20000)]
  0x0000000018830800 JavaThread "Signal Dispatcher" daemon [_thread_blocked, id=18620, stack(0x0000000018c20000,0x0000000018d20000)]
  0x00000000174b8800 JavaThread "Finalizer" daemon [_thread_blocked, id=10100, stack(0x0000000018720000,0x0000000018820000)]
  0x0000000002c64000 JavaThread "Reference Handler" daemon [_thread_blocked, id=19860, stack(0x0000000018620000,0x0000000018720000)]
  0x0000000002b73800 JavaThread "main" [_thread_in_vm, id=16096, stack(0x0000000002a70000,0x0000000002b70000)]

Other Threads:
  0x0000000017496000 VMThread [stack: 0x0000000018520000,0x0000000018620000] [id=13792]
  0x0000000018905000 WatcherThread [stack: 0x0000000019520000,0x0000000019620000] [id=4852]

VM state:not at safepoint (normal execution)

VM Mutex/Monitor currently owned by a thread: None

Heap:
 PSYoungGen      total 108544K, used 1564K [0x00000000d7780000, 0x00000000e3080000, 0x0000000100000000)
  eden space 95744K, 1% used [0x00000000d7780000,0x00000000d79070b0,0x00000000dd500000)
  from space 12800K, 0% used [0x00000000dd500000,0x00000000dd500000,0x00000000de180000)
  to   space 13312K, 0% used [0x00000000e2380000,0x00000000e2380000,0x00000000e3080000)
 ParOldGen       total 82944K, used 15854K [0x0000000086600000, 0x000000008b700000, 0x00000000d7780000)
  object space 82944K, 19% used [0x0000000086600000,0x000000008757b838,0x000000008b700000)
 Metaspace       used 34413K, capacity 35864K, committed 36056K, reserved 1081344K
  class space    used 4407K, capacity 4692K, committed 4736K, reserved 1048576K

Card table byte_map: [0x0000000012030000,0x0000000012400000] byte_map_base: 0x0000000011bfd000

Marking Bits: (ParMarkBitMap*) 0x0000000052c6c720
 Begin Bits: [0x0000000012a90000, 0x00000000148f8000)
 End Bits:   [0x00000000148f8000, 0x0000000016760000)

Polling page: 0x00000000008f0000

CodeCache: size=245760Kb used=11958Kb max_used=12031Kb free=233801Kb
 bounds [0x0000000002c70000, 0x0000000003840000, 0x0000000011c70000]
 total_blobs=3689 nmethods=3279 adapters=330
 compilation: enabled

Compilation events (10 events):
Event: 6.821 Thread 0x000000001888e800 3349       3       com.sun.org.apache.xerces.internal.impl.dtd.XMLDTDValidator::isSpace (5 bytes)
Event: 6.821 Thread 0x000000001888e800 nmethod 3349 0x0000000002d9dad0 code [0x0000000002d9dc40, 0x0000000002d9deb0]
Event: 6.821 Thread 0x000000001888e800 3350       3       com.sun.org.apache.xerces.internal.dom.DeferredDocumentImpl::getChunkIndex (16 bytes)
Event: 6.821 Thread 0x000000001888e800 nmethod 3350 0x0000000002ed69d0 code [0x0000000002ed6b40, 0x0000000002ed6d30]
Event: 6.821 Thread 0x000000001888e800 3351       3       com.sun.org.apache.xerces.internal.dom.DeferredDocumentImpl::createNode (46 bytes)
Event: 6.822 Thread 0x000000001888e800 nmethod 3351 0x0000000002dba310 code [0x0000000002dba480, 0x0000000002dba698]
Event: 6.822 Thread 0x000000001888e800 3352       3       com.sun.org.apache.xerces.internal.dom.DeferredDocumentImpl::ensureCapacity (358 bytes)
Event: 6.823 Thread 0x000000001888e800 nmethod 3352 0x0000000002e01990 code [0x0000000002e01d80, 0x0000000002e04dc8]
Event: 6.823 Thread 0x000000001888e800 3353       1       com.sun.org.apache.xerces.internal.impl.dtd.models.CMLeaf::getElement (5 bytes)
Event: 6.823 Thread 0x000000001888e800 nmethod 3353 0x000000000381a3d0 code [0x000000000381a520, 0x000000000381a630]

GC Heap History (10 events):
Event: 2.959 GC heap before
{Heap before GC invocations=5 (full 1):
 PSYoungGen      total 67584K, used 5098K [0x00000000d7780000, 0x00000000dbe80000, 0x0000000100000000)
  eden space 62464K, 0% used [0x00000000d7780000,0x00000000d7780000,0x00000000db480000)
  from space 5120K, 99% used [0x00000000db980000,0x00000000dbe7abb0,0x00000000dbe80000)
  to   space 5120K, 0% used [0x00000000db480000,0x00000000db480000,0x00000000db980000)
 ParOldGen       total 83456K, used 5516K [0x0000000086600000, 0x000000008b780000, 0x00000000d7780000)
  object space 83456K, 6% used [0x0000000086600000,0x0000000086b63218,0x000000008b780000)
 Metaspace       used 20640K, capacity 21148K, committed 21248K, reserved 1067008K
  class space    used 2632K, capacity 2806K, committed 2816K, reserved 1048576K
Event: 2.999 GC heap after
Heap after GC invocations=5 (full 1):
 PSYoungGen      total 67584K, used 0K [0x00000000d7780000, 0x00000000dbe80000, 0x0000000100000000)
  eden space 62464K, 0% used [0x00000000d7780000,0x00000000d7780000,0x00000000db480000)
  from space 5120K, 0% used [0x00000000db980000,0x00000000db980000,0x00000000dbe80000)
  to   space 5120K, 0% used [0x00000000db480000,0x00000000db480000,0x00000000db980000)
 ParOldGen       total 53760K, used 6839K [0x0000000086600000, 0x0000000089a80000, 0x00000000d7780000)
  object space 53760K, 12% used [0x0000000086600000,0x0000000086cadd30,0x0000000089a80000)
 Metaspace       used 20640K, capacity 21148K, committed 21248K, reserved 1067008K
  class space    used 2632K, capacity 2806K, committed 2816K, reserved 1048576K
}
Event: 4.590 GC heap before
{Heap before GC invocations=6 (full 1):
 PSYoungGen      total 67584K, used 62464K [0x00000000d7780000, 0x00000000dbe80000, 0x0000000100000000)
  eden space 62464K, 100% used [0x00000000d7780000,0x00000000db480000,0x00000000db480000)
  from space 5120K, 0% used [0x00000000db980000,0x00000000db980000,0x00000000dbe80000)
  to   space 5120K, 0% used [0x00000000db480000,0x00000000db480000,0x00000000db980000)
 ParOldGen       total 53760K, used 6839K [0x0000000086600000, 0x0000000089a80000, 0x00000000d7780000)
  object space 53760K, 12% used [0x0000000086600000,0x0000000086cadd30,0x0000000089a80000)
 Metaspace       used 26622K, capacity 27436K, committed 27648K, reserved 1073152K
  class space    used 3370K, capacity 3556K, committed 3584K, reserved 1048576K
Event: 4.606 GC heap after
Heap after GC invocations=6 (full 1):
 PSYoungGen      total 67584K, used 5110K [0x00000000d7780000, 0x00000000dea80000, 0x0000000100000000)
  eden space 62464K, 0% used [0x00000000d7780000,0x00000000d7780000,0x00000000db480000)
  from space 5120K, 99% used [0x00000000db480000,0x00000000db97daa0,0x00000000db980000)
  to   space 9216K, 0% used [0x00000000de180000,0x00000000de180000,0x00000000dea80000)
 ParOldGen       total 53760K, used 9410K [0x0000000086600000, 0x0000000089a80000, 0x00000000d7780000)
  object space 53760K, 17% used [0x0000000086600000,0x0000000086f30930,0x0000000089a80000)
 Metaspace       used 26622K, capacity 27436K, committed 27648K, reserved 1073152K
  class space    used 3370K, capacity 3556K, committed 3584K, reserved 1048576K
}
Event: 6.344 GC heap before
{Heap before GC invocations=7 (full 1):
 PSYoungGen      total 67584K, used 67574K [0x00000000d7780000, 0x00000000dea80000, 0x0000000100000000)
  eden space 62464K, 100% used [0x00000000d7780000,0x00000000db480000,0x00000000db480000)
  from space 5120K, 99% used [0x00000000db480000,0x00000000db97daa0,0x00000000db980000)
  to   space 9216K, 0% used [0x00000000de180000,0x00000000de180000,0x00000000dea80000)
 ParOldGen       total 53760K, used 9410K [0x0000000086600000, 0x0000000089a80000, 0x00000000d7780000)
  object space 53760K, 17% used [0x0000000086600000,0x0000000086f30930,0x0000000089a80000)
 Metaspace       used 32702K, capacity 34106K, committed 34176K, reserved 1079296K
  class space    used 4173K, capacity 4455K, committed 4480K, reserved 1048576K
Event: 6.367 GC heap after
Heap after GC invocations=7 (full 1):
 PSYoungGen      total 104960K, used 9188K [0x00000000d7780000, 0x00000000df000000, 0x0000000100000000)
  eden space 95744K, 0% used [0x00000000d7780000,0x00000000d7780000,0x00000000dd500000)
  from space 9216K, 99% used [0x00000000de180000,0x00000000dea790e0,0x00000000dea80000)
  to   space 12800K, 0% used [0x00000000dd500000,0x00000000dd500000,0x00000000de180000)
 ParOldGen       total 53760K, used 14355K [0x0000000086600000, 0x0000000089a80000, 0x00000000d7780000)
  object space 53760K, 26% used [0x0000000086600000,0x0000000087404f70,0x0000000089a80000)
 Metaspace       used 32702K, capacity 34106K, committed 34176K, reserved 1079296K
  class space    used 4173K, capacity 4455K, committed 4480K, reserved 1048576K
}
Event: 6.655 GC heap before
{Heap before GC invocations=8 (full 1):
 PSYoungGen      total 104960K, used 17202K [0x00000000d7780000, 0x00000000df000000, 0x0000000100000000)
  eden space 95744K, 8% used [0x00000000d7780000,0x00000000d7f53878,0x00000000dd500000)
  from space 9216K, 99% used [0x00000000de180000,0x00000000dea790e0,0x00000000dea80000)
  to   space 12800K, 0% used [0x00000000dd500000,0x00000000dd500000,0x00000000de180000)
 ParOldGen       total 53760K, used 14355K [0x0000000086600000, 0x0000000089a80000, 0x00000000d7780000)
  object space 53760K, 26% used [0x0000000086600000,0x0000000087404f70,0x0000000089a80000)
 Metaspace       used 33871K, capacity 35320K, committed 35416K, reserved 1081344K
  class space    used 4324K, capacity 4596K, committed 4608K, reserved 1048576K
Event: 6.677 GC heap after
Heap after GC invocations=8 (full 1):
 PSYoungGen      total 108544K, used 10019K [0x00000000d7780000, 0x00000000e3080000, 0x0000000100000000)
  eden space 95744K, 0% used [0x00000000d7780000,0x00000000d7780000,0x00000000dd500000)
  from space 12800K, 78% used [0x00000000dd500000,0x00000000ddec8c50,0x00000000de180000)
  to   space 13312K, 0% used [0x00000000e2380000,0x00000000e2380000,0x00000000e3080000)
 ParOldGen       total 53760K, used 14355K [0x0000000086600000, 0x0000000089a80000, 0x00000000d7780000)
  object space 53760K, 26% used [0x0000000086600000,0x0000000087404f70,0x0000000089a80000)
 Metaspace       used 33871K, capacity 35320K, committed 35416K, reserved 1081344K
  class space    used 4324K, capacity 4596K, committed 4608K, reserved 1048576K
}
Event: 6.677 GC heap before
{Heap before GC invocations=9 (full 2):
 PSYoungGen      total 108544K, used 10019K [0x00000000d7780000, 0x00000000e3080000, 0x0000000100000000)
  eden space 95744K, 0% used [0x00000000d7780000,0x00000000d7780000,0x00000000dd500000)
  from space 12800K, 78% used [0x00000000dd500000,0x00000000ddec8c50,0x00000000de180000)
  to   space 13312K, 0% used [0x00000000e2380000,0x00000000e2380000,0x00000000e3080000)
 ParOldGen       total 53760K, used 14355K [0x0000000086600000, 0x0000000089a80000, 0x00000000d7780000)
  object space 53760K, 26% used [0x0000000086600000,0x0000000087404f70,0x0000000089a80000)
 Metaspace       used 33871K, capacity 35320K, committed 35416K, reserved 1081344K
  class space    used 4324K, capacity 4596K, committed 4608K, reserved 1048576K
Event: 6.791 GC heap after
Heap after GC invocations=9 (full 2):
 PSYoungGen      total 108544K, used 0K [0x00000000d7780000, 0x00000000e3080000, 0x0000000100000000)
  eden space 95744K, 0% used [0x00000000d7780000,0x00000000d7780000,0x00000000dd500000)
  from space 12800K, 0% used [0x00000000dd500000,0x00000000dd500000,0x00000000de180000)
  to   space 13312K, 0% used [0x00000000e2380000,0x00000000e2380000,0x00000000e3080000)
 ParOldGen       total 82944K, used 15854K [0x0000000086600000, 0x000000008b700000, 0x00000000d7780000)
  object space 82944K, 19% used [0x0000000086600000,0x000000008757b838,0x000000008b700000)
 Metaspace       used 33871K, capacity 35320K, committed 35416K, reserved 1081344K
  class space    used 4324K, capacity 4596K, committed 4608K, reserved 1048576K
}

Deoptimization events (10 events):
Event: 6.428 Thread 0x000000001a366000 Uncommon trap: reason=unstable_if action=reinterpret pc=0x0000000002ebff84 method=java.util.zip.ZipCoder.getBytes(Ljava/lang/String;)[B @ 32
Event: 6.428 Thread 0x000000001a366000 Uncommon trap: reason=unstable_if action=reinterpret pc=0x00000000031ebb54 method=java.util.zip.ZipCoder.getBytes(Ljava/lang/String;)[B @ 32
Event: 6.428 Thread 0x000000001a366000 Uncommon trap: reason=unstable_if action=reinterpret pc=0x00000000031fb074 method=java.util.zip.ZipCoder.getBytes(Ljava/lang/String;)[B @ 32
Event: 6.428 Thread 0x000000001a366000 Uncommon trap: reason=unstable_if action=reinterpret pc=0x0000000002ebc5d8 method=java.util.zip.ZipCoder.getBytes(Ljava/lang/String;)[B @ 32
Event: 6.428 Thread 0x000000001a366000 Uncommon trap: reason=unstable_if action=reinterpret pc=0x00000000030a21d8 method=java.net.URL.<init>(Ljava/net/URL;Ljava/lang/String;Ljava/net/URLStreamHandler;)V @ 57
Event: 6.428 Thread 0x000000001a366000 Uncommon trap: reason=unstable_if action=reinterpret pc=0x00000000037a733c method=java.net.URLStreamHandler.parseURL(Ljava/net/URL;Ljava/lang/String;II)V @ 57
Event: 6.626 Thread 0x0000000002b73800 Uncommon trap: reason=unstable_if action=reinterpret pc=0x0000000002ecd1f4 method=java.lang.AbstractStringBuilder.append(Ljava/lang/String;)Ljava/lang/AbstractStringBuilder; @ 1
Event: 6.802 Thread 0x0000000002b73800 Uncommon trap: reason=unstable_if action=reinterpret pc=0x00000000033550e8 method=com.sun.org.apache.xerces.internal.utils.XMLSecurityManager.isOverLimit(ILcom/sun/org/apache/xerces/internal/utils/XMLLimitAnalyzer;)Z @ 28
Event: 6.803 Thread 0x0000000002b73800 Uncommon trap: reason=unstable_if action=reinterpret pc=0x000000000373e55c method=com.sun.org.apache.xerces.internal.impl.XMLEntityScanner.skipSpaces()Z @ 72
Event: 6.806 Thread 0x0000000002b73800 Uncommon trap: reason=unstable_if action=reinterpret pc=0x000000000338e61c method=com.sun.org.apache.xerces.internal.util.SymbolTable.addSymbol([CII)Ljava/lang/String; @ 64

Internal exceptions (10 events):
Event: 6.389 Thread 0x0000000002b73800 Exception <a 'java/lang/NullPointerException'> (0x00000000d77b8500) thrown at [C:\re\workspace\8-2-build-windows-amd64-cygwin\jdk8u131\8869\hotspot\src\share\vm\runtime\sharedRuntime.cpp, line 605]
Event: 6.389 Thread 0x0000000002b73800 Implicit null exception at 0x00000000037ce2dd to 0x00000000037ce84c
Event: 6.389 Thread 0x0000000002b73800 Exception <a 'java/lang/NullPointerException'> (0x00000000d77b9528) thrown at [C:\re\workspace\8-2-build-windows-amd64-cygwin\jdk8u131\8869\hotspot\src\share\vm\runtime\sharedRuntime.cpp, line 605]
Event: 6.390 Thread 0x0000000002b73800 Implicit null exception at 0x00000000037ce2dd to 0x00000000037ce84c
Event: 6.390 Thread 0x0000000002b73800 Exception <a 'java/lang/NullPointerException'> (0x00000000d77ba528) thrown at [C:\re\workspace\8-2-build-windows-amd64-cygwin\jdk8u131\8869\hotspot\src\share\vm\runtime\sharedRuntime.cpp, line 605]
Event: 6.390 Thread 0x0000000002b73800 Implicit null exception at 0x00000000037ce2dd to 0x00000000037ce84c
Event: 6.390 Thread 0x0000000002b73800 Exception <a 'java/lang/NullPointerException'> (0x00000000d77bb4e8) thrown at [C:\re\workspace\8-2-build-windows-amd64-cygwin\jdk8u131\8869\hotspot\src\share\vm\runtime\sharedRuntime.cpp, line 605]
Event: 6.390 Thread 0x0000000002b73800 Implicit null exception at 0x00000000037ce2dd to 0x00000000037ce84c
Event: 6.390 Thread 0x0000000002b73800 Exception <a 'java/lang/NullPointerException'> (0x00000000d77bc438) thrown at [C:\re\workspace\8-2-build-windows-amd64-cygwin\jdk8u131\8869\hotspot\src\share\vm\runtime\sharedRuntime.cpp, line 605]
Event: 6.626 Thread 0x0000000002b73800 Implicit null exception at 0x0000000002ecccd9 to 0x0000000002ecd1dd

Events (10 events):
Event: 6.846 loading class com/sun/org/apache/xpath/internal/XPathContext
Event: 6.846 loading class com/sun/org/apache/xml/internal/dtm/DTMManager
Event: 6.856 loading class com/sun/org/apache/xml/internal/dtm/DTMManager done
Event: 6.856 loading class com/sun/org/apache/xpath/internal/XPathContext done
Event: 6.856 loading class com/sun/org/apache/xml/internal/utils/IntStack
Event: 6.856 loading class com/sun/org/apache/xml/internal/utils/IntVector
Event: 6.856 loading class com/sun/org/apache/xml/internal/utils/IntVector done
Event: 6.856 loading class com/sun/org/apache/xml/internal/utils/IntStack done
Event: 6.857 loading class com/sun/org/apache/xml/internal/utils/ObjectStack
Event: 6.857 loading class com/sun/org/apache/xml/internal/utils/ObjectStack done


Dynamic libraries:
0x00007ff701380000 - 0x00007ff7013b7000 	E:\jdk\jdk\bin\java.exe
0x00007ffb99ca0000 - 0x00007ffb99e81000 	C:\WINDOWS\SYSTEM32\ntdll.dll
0x00007ffb97e70000 - 0x00007ffb97f22000 	C:\WINDOWS\System32\KERNEL32.DLL
0x00007ffb96550000 - 0x00007ffb967c3000 	C:\WINDOWS\System32\KERNELBASE.dll
0x00007ffb97a80000 - 0x00007ffb97b21000 	C:\WINDOWS\System32\ADVAPI32.dll
0x00007ffb97b30000 - 0x00007ffb97bce000 	C:\WINDOWS\System32\msvcrt.dll
0x00007ffb972a0000 - 0x00007ffb972fb000 	C:\WINDOWS\System32\sechost.dll
0x00007ffb999a0000 - 0x00007ffb99ac4000 	C:\WINDOWS\System32\RPCRT4.dll
0x00007ffb978f0000 - 0x00007ffb97a80000 	C:\WINDOWS\System32\USER32.dll
0x00007ffb96260000 - 0x00007ffb96280000 	C:\WINDOWS\System32\win32u.dll
0x00007ffb97740000 - 0x00007ffb97768000 	C:\WINDOWS\System32\GDI32.dll
0x00007ffb96f90000 - 0x00007ffb97122000 	C:\WINDOWS\System32\gdi32full.dll
0x00007ffb964b0000 - 0x00007ffb9654f000 	C:\WINDOWS\System32\msvcp_win.dll
0x00007ffb96280000 - 0x00007ffb96378000 	C:\WINDOWS\System32\ucrtbase.dll
0x00007ffb87870000 - 0x00007ffb87ad9000 	C:\WINDOWS\WinSxS\amd64_microsoft.windows.common-controls_6595b64144ccf1df_6.0.17134.648_none_fb45a0e93062a6d2\COMCTL32.dll
0x00007ffb97300000 - 0x00007ffb97622000 	C:\WINDOWS\System32\combase.dll
0x00007ffb96380000 - 0x00007ffb963fa000 	C:\WINDOWS\System32\bcryptPrimitives.dll
0x00007ffb97f30000 - 0x00007ffb97f5d000 	C:\WINDOWS\System32\IMM32.DLL
0x0000000053f90000 - 0x0000000054062000 	E:\jdk\jdk\jre\bin\msvcr100.dll
0x0000000052450000 - 0x0000000052cec000 	E:\jdk\jdk\jre\bin\server\jvm.dll
0x00007ffb97780000 - 0x00007ffb97788000 	C:\WINDOWS\System32\PSAPI.DLL
0x00007ffb83a30000 - 0x00007ffb83a39000 	C:\WINDOWS\SYSTEM32\WSOCK32.dll
0x00007ffb99920000 - 0x00007ffb9998c000 	C:\WINDOWS\System32\WS2_32.dll
0x00007ffb93670000 - 0x00007ffb93693000 	C:\WINDOWS\SYSTEM32\WINMM.dll
0x00007ffb87af0000 - 0x00007ffb87afa000 	C:\WINDOWS\SYSTEM32\VERSION.dll
0x00007ffb93220000 - 0x00007ffb9324a000 	C:\WINDOWS\SYSTEM32\WINMMBASE.dll
0x00007ffb96830000 - 0x00007ffb96879000 	C:\WINDOWS\System32\cfgmgr32.dll
0x0000000054480000 - 0x000000005448f000 	E:\jdk\jdk\jre\bin\verify.dll
0x0000000054450000 - 0x0000000054479000 	E:\jdk\jdk\jre\bin\java.dll
0x00000000543f0000 - 0x0000000054425000 	E:\jdk\jdk\jre\bin\jdwp.dll
0x00000000540c0000 - 0x00000000540c8000 	E:\jdk\jdk\jre\bin\npt.dll
0x0000000054430000 - 0x0000000054446000 	E:\jdk\jdk\jre\bin\zip.dll
0x00007ffb97f60000 - 0x00007ffb993a0000 	C:\WINDOWS\System32\SHELL32.dll
0x00007ffb97690000 - 0x00007ffb97739000 	C:\WINDOWS\System32\shcore.dll
0x00007ffb96880000 - 0x00007ffb96f8d000 	C:\WINDOWS\System32\windows.storage.dll
0x00007ffb97630000 - 0x00007ffb97681000 	C:\WINDOWS\System32\shlwapi.dll
0x00007ffb96030000 - 0x00007ffb96041000 	C:\WINDOWS\System32\kernel.appcore.dll
0x00007ffb96050000 - 0x00007ffb9606f000 	C:\WINDOWS\System32\profapi.dll
0x00007ffb95fb0000 - 0x00007ffb95ffc000 	C:\WINDOWS\System32\powrprof.dll
0x00007ffb96000000 - 0x00007ffb9600a000 	C:\WINDOWS\System32\FLTLIB.DLL
0x00000000540b0000 - 0x00000000540b9000 	E:\jdk\jdk\jre\bin\dt_socket.dll
0x00007ffb95830000 - 0x00007ffb95896000 	C:\WINDOWS\system32\mswsock.dll
0x00000000540a0000 - 0x00000000540ad000 	E:\jdk\jdk\jre\bin\management.dll
0x0000000053f40000 - 0x0000000053f5a000 	E:\jdk\jdk\jre\bin\net.dll
0x00007ffb86860000 - 0x00007ffb86876000 	C:\WINDOWS\system32\napinsp.dll
0x00007ffb86840000 - 0x00007ffb8685a000 	C:\WINDOWS\system32\pnrpnsp.dll
0x00007ffb91e50000 - 0x00007ffb91e69000 	C:\WINDOWS\system32\NLAapi.dll
0x00007ffb955f0000 - 0x00007ffb956ae000 	C:\WINDOWS\SYSTEM32\DNSAPI.dll
0x00007ffb99990000 - 0x00007ffb99998000 	C:\WINDOWS\System32\NSI.dll
0x00007ffb955b0000 - 0x00007ffb955e8000 	C:\WINDOWS\SYSTEM32\IPHLPAPI.DLL
0x00007ffb86830000 - 0x00007ffb8683e000 	C:\WINDOWS\System32\winrnr.dll
0x00007ffb90350000 - 0x00007ffb90365000 	C:\WINDOWS\System32\wshbth.dll
0x00007ffb89a90000 - 0x00007ffb89a9a000 	C:\Windows\System32\rasadhlp.dll
0x00007ffb8a560000 - 0x00007ffb8a5d2000 	C:\WINDOWS\System32\fwpuclnt.dll
0x00007ffb95b10000 - 0x00007ffb95b35000 	C:\WINDOWS\SYSTEM32\bcrypt.dll
0x0000000053f20000 - 0x0000000053f31000 	E:\jdk\jdk\jre\bin\nio.dll
0x00007ffb959e0000 - 0x00007ffb959f7000 	C:\WINDOWS\SYSTEM32\CRYPTSP.dll
0x00007ffb953b0000 - 0x00007ffb953e3000 	C:\WINDOWS\system32\rsaenh.dll
0x00007ffb95ee0000 - 0x00007ffb95f08000 	C:\WINDOWS\SYSTEM32\USERENV.dll
0x00007ffb95a00000 - 0x00007ffb95a0b000 	C:\WINDOWS\SYSTEM32\CRYPTBASE.dll
0x00007ffb8fa10000 - 0x00007ffb8fa26000 	C:\WINDOWS\SYSTEM32\dhcpcsvc6.DLL
0x00007ffb8fd10000 - 0x00007ffb8fd2a000 	C:\WINDOWS\SYSTEM32\dhcpcsvc.DLL

VM Arguments:
jvm_args: -agentlib:jdwp=transport=dt_socket,address=127.0.0.1:51755,suspend=y,server=n -Dfile.encoding=UTF-8 
java_command: com.investment.app.AppApplication
java_class_path (initial): E:\jdk\jdk\jre\lib\charsets.jar;E:\jdk\jdk\jre\lib\deploy.jar;E:\jdk\jdk\jre\lib\ext\access-bridge-64.jar;E:\jdk\jdk\jre\lib\ext\cldrdata.jar;E:\jdk\jdk\jre\lib\ext\dnsns.jar;E:\jdk\jdk\jre\lib\ext\jaccess.jar;E:\jdk\jdk\jre\lib\ext\jfxrt.jar;E:\jdk\jdk\jre\lib\ext\localedata.jar;E:\jdk\jdk\jre\lib\ext\nashorn.jar;E:\jdk\jdk\jre\lib\ext\sunec.jar;E:\jdk\jdk\jre\lib\ext\sunjce_provider.jar;E:\jdk\jdk\jre\lib\ext\sunmscapi.jar;E:\jdk\jdk\jre\lib\ext\sunpkcs11.jar;E:\jdk\jdk\jre\lib\ext\zipfs.jar;E:\jdk\jdk\jre\lib\javaws.jar;E:\jdk\jdk\jre\lib\jce.jar;E:\jdk\jdk\jre\lib\jfr.jar;E:\jdk\jdk\jre\lib\jfxswt.jar;E:\jdk\jdk\jre\lib\jsse.jar;E:\jdk\jdk\jre\lib\management-agent.jar;E:\jdk\jdk\jre\lib\plugin.jar;E:\jdk\jdk\jre\lib\resources.jar;E:\jdk\jdk\jre\lib\rt.jar;F:\code\project1\investment_app\target\classes;C:\Users\dongyuan\.m2\repository\org\springframework\boot\spring-boot-starter-web\2.1.3.RELEASE\spring-boot-starter-web-2.1.3.RELEASE.jar;C:\Users\dongyuan\.m2\repository\org\springframework\boot\spring-boot-starter\2.1.3.RELEASE\spring-boot-starter-2.1.3.RELEASE.jar;C:\Users\dongyuan\.m2\repository\org\springframework\boot\spring-boot\2.1.3.RELEASE\spring-boot-2.1.3.RELEASE.jar;C:\Users\dongyuan\.m2\repository\org\springframework\boot\spring-boot-autoconfigure\2.1.3.RELEASE\spring-boot-autoconfigure-2.1.3.RELEASE.jar;C:\Users\dongyuan\.m2\repository\org\springframework\boot\spring-boot-starter-logging\2.1.3.RELEASE\spring-boot-starter-logging-2.1.3.RELEASE.jar;C:\Users\dongyuan\.m2\repository\ch\qos\logback\logback-classic\1.2.3\logback-classic-1.2.3.jar;C:\Users\dongyuan\.m2\repository\ch\qos\logback\logback-core\1.2.3\logback-core-1.2.3.jar;C:\Users\dongyuan\.m2\repository\org\apache\logging\log4j\log4j-to-slf4j\2.11.2\log4j-to-slf4j-2.11.2.jar;C:\Users\dongyuan\.m2\repository\org\apache\logging\log4j\log4j-api\2.11.2\log4j-api-2.11.2.jar;C:\Users\dongyuan\.m2\repository\org\slf4j\jul-to-slf4j\1.7.25\jul-to-slf4j-1.7.25.jar;C:\Users\
Launcher Type: SUN_STANDARD

Environment Variables:
JAVA_HOME=E:\jdk\jdk
PATH=C:\WINDOWS\system32;C:\WINDOWS;C:\WINDOWS\System32\Wbem;C:\WINDOWS\System32\WindowsPowerShell\v1.0\;E:\jdk\jdk\bin;E:\maven\apache-maven-3.5.2\bin;E:\GIT\Git\cmd;E:\mysql\mysql-5.7.21-winx64\bin;;C:\Program Files\OpenSSH\bin;E:\ssh\bin;C:\WINDOWS\System32\OpenSSH\;E:\arlong\erl10.2\bin;C:\Users\dongyuan\AppData\Local\Microsoft\WindowsApps;
USERNAME=dongyuan
OS=Windows_NT
PROCESSOR_IDENTIFIER=Intel64 Family 6 Model 142 Stepping 9, GenuineIntel



---------------  S Y S T E M  ---------------

OS: Windows 10.0 , 64 bit Build 17134 (10.0.17134.648)

CPU:total 4 (initial active 4) (2 cores per cpu, 2 threads per core) family 6 model 142 stepping 9, cmov, cx8, fxsr, mmx, sse, sse2, sse3, ssse3, sse4.1, sse4.2, popcnt, avx, avx2, clmul, erms, 3dnowpref, lzcnt, ht, tsc, tscinvbit, bmi1, bmi2, adx

Memory: 4k page, physical 7967064k(663356k free), swap 18452948k(6324k free)

vm_info: Java HotSpot(TM) 64-Bit Server VM (25.131-b11) for windows-amd64 JRE (1.8.0_131-b11), built on Mar 15 2017 01:23:53 by "java_re" with MS VC++ 10.0 (VS2010)

time: Sat Mar 23 14:34:44 2019
elapsed time: 6 seconds (0d 0h 0m 6s)

